{"/Users/kejunliu/Documents/COMP531/hw05/version2.0/action.js":{"path":"/Users/kejunliu/Documents/COMP531/hw05/version2.0/action.js","s":{"1":1,"2":1,"3":1,"4":1,"5":1,"6":1,"7":1,"8":1,"9":1,"10":1,"11":1,"12":1,"13":1,"14":1,"15":1,"16":1,"17":1,"18":1,"19":1,"20":1,"21":1,"22":1,"23":1,"24":1,"25":1,"26":1,"27":1,"28":1,"29":1,"30":1,"31":1,"32":1,"33":1,"34":1,"35":1,"36":1,"37":1,"38":1,"39":1,"40":1,"41":1,"42":1,"43":1,"44":1,"45":0,"46":1,"47":0,"48":1,"49":0,"50":1,"51":0,"52":1,"53":0,"54":1,"55":0,"56":1,"57":0,"58":1,"59":0,"60":1,"61":0,"62":1,"63":0,"64":1,"65":0,"66":1,"67":0,"68":1,"69":0,"70":1,"71":0,"72":1,"73":0,"74":1,"75":0,"76":1,"77":0,"78":1,"79":0,"80":1,"81":0,"82":1,"83":0,"84":1,"85":0},"b":{},"f":{"1":0,"2":0,"3":0,"4":0,"5":0,"6":0,"7":0,"8":0,"9":0,"10":0,"11":0,"12":0,"13":0,"14":0,"15":0,"16":0,"17":0,"18":0,"19":0,"20":0,"21":0},"fnMap":{"1":{"name":"navigatePages","line":49,"loc":{"start":{"line":23,"column":7},"end":{"line":23,"column":36}}},"2":{"name":"clearArticles","line":56,"loc":{"start":{"line":30,"column":7},"end":{"line":30,"column":32}}},"3":{"name":"addArticles","line":62,"loc":{"start":{"line":36,"column":7},"end":{"line":36,"column":75}}},"4":{"name":"addComments","line":75,"loc":{"start":{"line":49,"column":7},"end":{"line":49,"column":63}}},"5":{"name":"filterArticle","line":86,"loc":{"start":{"line":60,"column":7},"end":{"line":60,"column":36}}},"6":{"name":"addAvatarInArticle","line":93,"loc":{"start":{"line":67,"column":7},"end":{"line":67,"column":47}}},"7":{"name":"clearFriends","line":101,"loc":{"start":{"line":75,"column":7},"end":{"line":75,"column":31}}},"8":{"name":"addFriends","line":107,"loc":{"start":{"line":81,"column":7},"end":{"line":81,"column":49}}},"9":{"name":"addFriendHeadline","line":116,"loc":{"start":{"line":90,"column":7},"end":{"line":90,"column":48}}},"10":{"name":"addFriendAvatar","line":124,"loc":{"start":{"line":98,"column":7},"end":{"line":98,"column":44}}},"11":{"name":"clearInfo","line":132,"loc":{"start":{"line":106,"column":7},"end":{"line":106,"column":28}}},"12":{"name":"addPwd","line":138,"loc":{"start":{"line":112,"column":7},"end":{"line":112,"column":33}}},"13":{"name":"addName","line":145,"loc":{"start":{"line":119,"column":7},"end":{"line":119,"column":30}}},"14":{"name":"addHeadline","line":152,"loc":{"start":{"line":126,"column":7},"end":{"line":126,"column":34}}},"15":{"name":"addAvatar","line":159,"loc":{"start":{"line":133,"column":7},"end":{"line":133,"column":34}}},"16":{"name":"addZipcode","line":166,"loc":{"start":{"line":140,"column":7},"end":{"line":140,"column":36}}},"17":{"name":"addDOB","line":173,"loc":{"start":{"line":147,"column":7},"end":{"line":147,"column":28}}},"18":{"name":"addEmail","line":180,"loc":{"start":{"line":154,"column":7},"end":{"line":154,"column":32}}},"19":{"name":"addError","line":187,"loc":{"start":{"line":161,"column":7},"end":{"line":161,"column":31}}},"20":{"name":"addSuccess","line":194,"loc":{"start":{"line":168,"column":7},"end":{"line":168,"column":33}}},"21":{"name":"postText","line":201,"loc":{"start":{"line":175,"column":7},"end":{"line":175,"column":27}}}},"statementMap":{"1":{"start":{"line":0,"column":0},"end":{"line":0,"column":0},"skip":true},"2":{"start":{"line":0,"column":0},"end":{"line":0,"column":0},"skip":true},"3":{"start":{"line":0,"column":0},"end":{"line":0,"column":0},"skip":true},"4":{"start":{"line":0,"column":0},"end":{"line":0,"column":0},"skip":true},"5":{"start":{"line":0,"column":0},"end":{"line":0,"column":0},"skip":true},"6":{"start":{"line":0,"column":0},"end":{"line":0,"column":0},"skip":true},"7":{"start":{"line":0,"column":0},"end":{"line":0,"column":0},"skip":true},"8":{"start":{"line":0,"column":0},"end":{"line":0,"column":0},"skip":true},"9":{"start":{"line":0,"column":0},"end":{"line":0,"column":0},"skip":true},"10":{"start":{"line":0,"column":0},"end":{"line":0,"column":0},"skip":true},"11":{"start":{"line":0,"column":0},"end":{"line":0,"column":0},"skip":true},"12":{"start":{"line":0,"column":0},"end":{"line":0,"column":0},"skip":true},"13":{"start":{"line":0,"column":0},"end":{"line":0,"column":0},"skip":true},"14":{"start":{"line":0,"column":0},"end":{"line":0,"column":0},"skip":true},"15":{"start":{"line":0,"column":0},"end":{"line":0,"column":0},"skip":true},"16":{"start":{"line":0,"column":0},"end":{"line":0,"column":0},"skip":true},"17":{"start":{"line":0,"column":0},"end":{"line":0,"column":0},"skip":true},"18":{"start":{"line":0,"column":0},"end":{"line":0,"column":0},"skip":true},"19":{"start":{"line":0,"column":0},"end":{"line":0,"column":0},"skip":true},"20":{"start":{"line":0,"column":0},"end":{"line":0,"column":0},"skip":true},"21":{"start":{"line":0,"column":0},"end":{"line":0,"column":0},"skip":true},"22":{"start":{"line":0,"column":0},"end":{"line":0,"column":0},"skip":true},"23":{"start":{"line":1,"column":-8},"end":{"line":1,"column":-8}},"24":{"start":{"line":2,"column":7},"end":{"line":2,"column":7}},"25":{"start":{"line":3,"column":7},"end":{"line":3,"column":7}},"26":{"start":{"line":4,"column":7},"end":{"line":4,"column":7}},"27":{"start":{"line":5,"column":7},"end":{"line":5,"column":7}},"28":{"start":{"line":6,"column":7},"end":{"line":6,"column":7}},"29":{"start":{"line":7,"column":7},"end":{"line":7,"column":7}},"30":{"start":{"line":8,"column":7},"end":{"line":8,"column":7}},"31":{"start":{"line":9,"column":7},"end":{"line":9,"column":7}},"32":{"start":{"line":10,"column":7},"end":{"line":10,"column":7}},"33":{"start":{"line":11,"column":7},"end":{"line":11,"column":7}},"34":{"start":{"line":12,"column":7},"end":{"line":12,"column":7}},"35":{"start":{"line":13,"column":7},"end":{"line":13,"column":7}},"36":{"start":{"line":14,"column":7},"end":{"line":14,"column":7}},"37":{"start":{"line":15,"column":7},"end":{"line":15,"column":7}},"38":{"start":{"line":16,"column":7},"end":{"line":16,"column":7}},"39":{"start":{"line":17,"column":7},"end":{"line":17,"column":7}},"40":{"start":{"line":18,"column":7},"end":{"line":18,"column":7}},"41":{"start":{"line":19,"column":7},"end":{"line":19,"column":7}},"42":{"start":{"line":20,"column":7},"end":{"line":20,"column":7}},"43":{"start":{"line":21,"column":7},"end":{"line":21,"column":7}},"44":{"start":{"line":23,"column":7},"end":{"line":28,"column":1}},"45":{"start":{"line":24,"column":1},"end":{"line":24,"column":1}},"46":{"start":{"line":30,"column":7},"end":{"line":34,"column":1}},"47":{"start":{"line":31,"column":1},"end":{"line":31,"column":1}},"48":{"start":{"line":36,"column":7},"end":{"line":47,"column":1}},"49":{"start":{"line":37,"column":1},"end":{"line":37,"column":1}},"50":{"start":{"line":49,"column":7},"end":{"line":58,"column":1}},"51":{"start":{"line":50,"column":1},"end":{"line":50,"column":1}},"52":{"start":{"line":60,"column":7},"end":{"line":65,"column":1}},"53":{"start":{"line":61,"column":1},"end":{"line":61,"column":1}},"54":{"start":{"line":67,"column":7},"end":{"line":73,"column":1}},"55":{"start":{"line":68,"column":1},"end":{"line":68,"column":1}},"56":{"start":{"line":75,"column":7},"end":{"line":79,"column":1}},"57":{"start":{"line":76,"column":1},"end":{"line":76,"column":1}},"58":{"start":{"line":81,"column":7},"end":{"line":88,"column":1}},"59":{"start":{"line":82,"column":1},"end":{"line":82,"column":1}},"60":{"start":{"line":90,"column":7},"end":{"line":96,"column":1}},"61":{"start":{"line":91,"column":1},"end":{"line":91,"column":1}},"62":{"start":{"line":98,"column":7},"end":{"line":104,"column":1}},"63":{"start":{"line":99,"column":1},"end":{"line":99,"column":1}},"64":{"start":{"line":106,"column":7},"end":{"line":110,"column":1}},"65":{"start":{"line":107,"column":1},"end":{"line":107,"column":1}},"66":{"start":{"line":112,"column":7},"end":{"line":117,"column":1}},"67":{"start":{"line":113,"column":1},"end":{"line":113,"column":1}},"68":{"start":{"line":119,"column":7},"end":{"line":124,"column":1}},"69":{"start":{"line":120,"column":1},"end":{"line":120,"column":1}},"70":{"start":{"line":126,"column":7},"end":{"line":131,"column":1}},"71":{"start":{"line":127,"column":1},"end":{"line":127,"column":1}},"72":{"start":{"line":133,"column":7},"end":{"line":138,"column":1}},"73":{"start":{"line":134,"column":1},"end":{"line":134,"column":1}},"74":{"start":{"line":140,"column":7},"end":{"line":145,"column":1}},"75":{"start":{"line":141,"column":1},"end":{"line":141,"column":1}},"76":{"start":{"line":147,"column":7},"end":{"line":152,"column":1}},"77":{"start":{"line":148,"column":1},"end":{"line":148,"column":1}},"78":{"start":{"line":154,"column":7},"end":{"line":159,"column":1}},"79":{"start":{"line":155,"column":1},"end":{"line":155,"column":1}},"80":{"start":{"line":161,"column":7},"end":{"line":166,"column":1}},"81":{"start":{"line":162,"column":1},"end":{"line":162,"column":1}},"82":{"start":{"line":168,"column":7},"end":{"line":173,"column":1}},"83":{"start":{"line":169,"column":1},"end":{"line":169,"column":1}},"84":{"start":{"line":175,"column":7},"end":{"line":179,"column":1}},"85":{"start":{"line":176,"column":1},"end":{"line":176,"column":1}}},"branchMap":{}},"/Users/kejunliu/Documents/COMP531/hw05/version2.0/app.js":{"path":"/Users/kejunliu/Documents/COMP531/hw05/version2.0/app.js","s":{"1":4,"2":4,"3":1,"4":0,"5":0,"6":0,"7":0,"8":0,"9":0,"10":0,"11":4,"12":0,"13":0,"14":0,"15":0,"16":0,"17":4,"18":4,"19":4,"20":4,"21":4,"22":4,"23":4,"24":4,"25":4,"26":4,"27":4,"28":0,"29":0,"30":0,"31":0,"32":0,"33":0,"34":0,"35":0,"36":0,"37":1,"38":16,"39":1,"40":0,"41":0,"42":1,"43":0,"44":0,"45":0,"46":1,"47":0,"48":0,"49":0,"50":0,"51":0,"52":0,"53":0,"54":0,"55":0,"56":0,"57":1,"58":0,"59":0,"60":0,"61":0,"62":0,"63":0,"64":0,"65":0,"66":0,"67":0,"68":0,"69":0,"70":0,"71":0,"72":0,"73":0,"74":0,"75":0,"76":0,"77":0,"78":0},"b":{"1":[0,0],"2":[0,0],"3":[0,0],"4":[0,0],"5":[0,16],"6":[16,16],"7":[0,0],"8":[0,0],"9":[0,0],"10":[0,0,0],"11":[0,0],"12":[0,0],"13":[0,0],"14":[0,0],"15":[0,0],"16":[0,0],"17":[0,0],"18":[0,0],"19":[0,0]},"f":{"1":4,"2":0,"3":0,"4":16,"5":0,"6":0,"7":0,"8":0,"9":0,"10":0,"11":0,"12":0},"fnMap":{"1":{"name":"(anonymous_1)","line":7,"loc":{"start":{"line":0,"column":0},"end":{"line":0,"column":0},"skip":true},"skip":true},"2":{"name":"defineProperties","line":7,"loc":{"start":{"line":0,"column":0},"end":{"line":0,"column":0},"skip":true},"skip":true},"3":{"name":"(anonymous_3)","line":7,"loc":{"start":{"line":0,"column":0},"end":{"line":0,"column":0},"skip":true},"skip":true},"4":{"name":"_interopRequireDefault","line":49,"loc":{"start":{"line":0,"column":0},"end":{"line":0,"column":0},"skip":true},"skip":true},"5":{"name":"_classCallCheck","line":51,"loc":{"start":{"line":0,"column":0},"end":{"line":0,"column":0},"skip":true},"skip":true},"6":{"name":"_possibleConstructorReturn","line":53,"loc":{"start":{"line":0,"column":0},"end":{"line":0,"column":0},"skip":true},"skip":true},"7":{"name":"_inherits","line":55,"loc":{"start":{"line":0,"column":0},"end":{"line":0,"column":0},"skip":true},"skip":true},"8":{"name":"(anonymous_8)","line":62,"loc":{"start":{"line":0,"column":0},"end":{"line":0,"column":0},"skip":true},"skip":true},"9":{"name":"App","line":65,"loc":{"start":{"line":0,"column":0},"end":{"line":0,"column":0},"skip":true},"skip":true},"10":{"name":"render","line":73,"loc":{"start":{"line":0,"column":0},"end":{"line":0,"column":0},"skip":true},"skip":true},"11":{"name":"mapStateToProps","line":98,"loc":{"start":{"line":43,"column":24},"end":{"line":43,"column":35}}},"12":{"name":"render","line":105,"loc":{"start":{"line":53,"column":15},"end":{"line":53,"column":21}}}},"statementMap":{"1":{"start":{"line":0,"column":0},"end":{"line":0,"column":0},"skip":true},"2":{"start":{"line":0,"column":0},"end":{"line":0,"column":0},"skip":true},"3":{"start":{"line":0,"column":0},"end":{"line":0,"column":0},"skip":true},"4":{"start":{"line":0,"column":0},"end":{"line":0,"column":0},"skip":true},"5":{"start":{"line":0,"column":0},"end":{"line":0,"column":0},"skip":true},"6":{"start":{"line":0,"column":0},"end":{"line":0,"column":0},"skip":true},"7":{"start":{"line":0,"column":0},"end":{"line":0,"column":0},"skip":true},"8":{"start":{"line":0,"column":0},"end":{"line":0,"column":0},"skip":true},"9":{"start":{"line":0,"column":0},"end":{"line":0,"column":0},"skip":true},"10":{"start":{"line":0,"column":0},"end":{"line":0,"column":0},"skip":true},"11":{"start":{"line":0,"column":0},"end":{"line":0,"column":0},"skip":true},"12":{"start":{"line":0,"column":0},"end":{"line":0,"column":0},"skip":true},"13":{"start":{"line":0,"column":0},"end":{"line":0,"column":0},"skip":true},"14":{"start":{"line":0,"column":0},"end":{"line":0,"column":0},"skip":true},"15":{"start":{"line":0,"column":0},"end":{"line":0,"column":0},"skip":true},"16":{"start":{"line":0,"column":0},"end":{"line":0,"column":0},"skip":true},"17":{"start":{"line":3,"column":0},"end":{"line":3,"column":0}},"18":{"start":{"line":0,"column":0},"end":{"line":0,"column":0},"skip":true},"19":{"start":{"line":4,"column":0},"end":{"line":4,"column":0}},"20":{"start":{"line":0,"column":0},"end":{"line":0,"column":0},"skip":true},"21":{"start":{"line":5,"column":0},"end":{"line":5,"column":0}},"22":{"start":{"line":6,"column":0},"end":{"line":6,"column":0}},"23":{"start":{"line":7,"column":0},"end":{"line":7,"column":0}},"24":{"start":{"line":0,"column":0},"end":{"line":0,"column":0},"skip":true},"25":{"start":{"line":8,"column":0},"end":{"line":8,"column":0}},"26":{"start":{"line":0,"column":0},"end":{"line":0,"column":0},"skip":true},"27":{"start":{"line":11,"column":0},"end":{"line":11,"column":0}},"28":{"start":{"line":0,"column":0},"end":{"line":0,"column":0},"skip":true},"29":{"start":{"line":12,"column":0},"end":{"line":12,"column":0}},"30":{"start":{"line":0,"column":0},"end":{"line":0,"column":0},"skip":true},"31":{"start":{"line":13,"column":0},"end":{"line":13,"column":0}},"32":{"start":{"line":0,"column":0},"end":{"line":0,"column":0},"skip":true},"33":{"start":{"line":14,"column":0},"end":{"line":14,"column":0}},"34":{"start":{"line":0,"column":0},"end":{"line":0,"column":0},"skip":true},"35":{"start":{"line":15,"column":0},"end":{"line":15,"column":0}},"36":{"start":{"line":0,"column":0},"end":{"line":0,"column":0},"skip":true},"37":{"start":{"line":0,"column":0},"end":{"line":0,"column":0},"skip":true},"38":{"start":{"line":0,"column":0},"end":{"line":0,"column":0},"skip":true},"39":{"start":{"line":0,"column":0},"end":{"line":0,"column":0},"skip":true},"40":{"start":{"line":0,"column":0},"end":{"line":0,"column":0},"skip":true},"41":{"start":{"line":0,"column":0},"end":{"line":0,"column":0},"skip":true},"42":{"start":{"line":0,"column":0},"end":{"line":0,"column":0},"skip":true},"43":{"start":{"line":0,"column":0},"end":{"line":0,"column":0},"skip":true},"44":{"start":{"line":0,"column":0},"end":{"line":0,"column":0},"skip":true},"45":{"start":{"line":0,"column":0},"end":{"line":0,"column":0},"skip":true},"46":{"start":{"line":0,"column":0},"end":{"line":0,"column":0},"skip":true},"47":{"start":{"line":0,"column":0},"end":{"line":0,"column":0},"skip":true},"48":{"start":{"line":0,"column":0},"end":{"line":0,"column":0},"skip":true},"49":{"start":{"line":0,"column":0},"end":{"line":0,"column":0},"skip":true},"50":{"start":{"line":0,"column":0},"end":{"line":0,"column":0},"skip":true},"51":{"start":{"line":0,"column":0},"end":{"line":0,"column":0},"skip":true},"52":{"start":{"line":1,"column":-15},"end":{"line":1,"column":-15}},"53":{"start":{"line":17,"column":0},"end":{"line":17,"column":0}},"54":{"start":{"line":18,"column":0},"end":{"line":18,"column":0}},"55":{"start":{"line":0,"column":0},"end":{"line":0,"column":0},"skip":true},"56":{"start":{"line":0,"column":0},"end":{"line":0,"column":0},"skip":true},"57":{"start":{"line":0,"column":0},"end":{"line":0,"column":0},"skip":true},"58":{"start":{"line":0,"column":0},"end":{"line":0,"column":0},"skip":true},"59":{"start":{"line":0,"column":0},"end":{"line":0,"column":0},"skip":true},"60":{"start":{"line":0,"column":0},"end":{"line":0,"column":0},"skip":true},"61":{"start":{"line":23,"column":5},"end":{"line":23,"column":5}},"62":{"start":{"line":22,"column":13},"end":{"line":22,"column":13}},"63":{"start":{"line":25,"column":2},"end":{"line":31,"column":3}},"64":{"start":{"line":26,"column":3},"end":{"line":26,"column":3}},"65":{"start":{"line":27,"column":9},"end":{"line":31,"column":3}},"66":{"start":{"line":28,"column":3},"end":{"line":28,"column":3}},"67":{"start":{"line":29,"column":9},"end":{"line":31,"column":3}},"68":{"start":{"line":30,"column":3},"end":{"line":30,"column":3}},"69":{"start":{"line":32,"column":7},"end":{"line":32,"column":7}},"70":{"start":{"line":0,"column":0},"end":{"line":0,"column":0},"skip":true},"71":{"start":{"line":40,"column":0},"end":{"line":40,"column":0}},"72":{"start":{"line":43,"column":0},"end":{"line":43,"column":0}},"73":{"start":{"line":44,"column":1},"end":{"line":44,"column":1}},"74":{"start":{"line":48,"column":0},"end":{"line":48,"column":0}},"75":{"start":{"line":53,"column":0},"end":{"line":53,"column":0}},"76":{"start":{"line":54,"column":1},"end":{"line":54,"column":1}},"77":{"start":{"line":61,"column":0},"end":{"line":61,"column":0}},"78":{"start":{"line":0,"column":0},"end":{"line":0,"column":0},"skip":true}},"branchMap":{"1":{"line":7,"type":"binary-expr","locations":[{"start":{"line":0,"column":0},"end":{"line":0,"column":0},"skip":true},{"start":{"line":0,"column":0},"end":{"line":0,"column":0},"skip":true}]},"2":{"line":7,"type":"if","locations":[{"start":{"line":0,"column":0},"end":{"line":0,"column":0},"skip":true},{"start":{"line":0,"column":0},"end":{"line":0,"column":0},"skip":true}]},"3":{"line":7,"type":"if","locations":[{"start":{"line":0,"column":0},"end":{"line":0,"column":0},"skip":true},{"start":{"line":0,"column":0},"end":{"line":0,"column":0},"skip":true}]},"4":{"line":7,"type":"if","locations":[{"start":{"line":0,"column":0},"end":{"line":0,"column":0},"skip":true},{"start":{"line":0,"column":0},"end":{"line":0,"column":0},"skip":true}]},"5":{"line":49,"type":"cond-expr","locations":[{"start":{"line":0,"column":0},"end":{"line":0,"column":0},"skip":true},{"start":{"line":0,"column":0},"end":{"line":0,"column":0},"skip":true}]},"6":{"line":49,"type":"binary-expr","locations":[{"start":{"line":0,"column":0},"end":{"line":0,"column":0},"skip":true},{"start":{"line":0,"column":0},"end":{"line":0,"column":0},"skip":true}]},"7":{"line":51,"type":"if","locations":[{"start":{"line":0,"column":0},"end":{"line":0,"column":0},"skip":true},{"start":{"line":0,"column":0},"end":{"line":0,"column":0},"skip":true}]},"8":{"line":53,"type":"if","locations":[{"start":{"line":0,"column":0},"end":{"line":0,"column":0},"skip":true},{"start":{"line":0,"column":0},"end":{"line":0,"column":0},"skip":true}]},"9":{"line":53,"type":"cond-expr","locations":[{"start":{"line":0,"column":0},"end":{"line":0,"column":0},"skip":true},{"start":{"line":0,"column":0},"end":{"line":0,"column":0},"skip":true}]},"10":{"line":53,"type":"binary-expr","locations":[{"start":{"line":0,"column":0},"end":{"line":0,"column":0},"skip":true},{"start":{"line":0,"column":0},"end":{"line":0,"column":0},"skip":true},{"start":{"line":0,"column":0},"end":{"line":0,"column":0},"skip":true}]},"11":{"line":55,"type":"if","locations":[{"start":{"line":0,"column":0},"end":{"line":0,"column":0},"skip":true},{"start":{"line":0,"column":0},"end":{"line":0,"column":0},"skip":true}]},"12":{"line":55,"type":"binary-expr","locations":[{"start":{"line":0,"column":0},"end":{"line":0,"column":0},"skip":true},{"start":{"line":0,"column":0},"end":{"line":0,"column":0},"skip":true}]},"13":{"line":55,"type":"binary-expr","locations":[{"start":{"line":0,"column":0},"end":{"line":0,"column":0},"skip":true},{"start":{"line":0,"column":0},"end":{"line":0,"column":0},"skip":true}]},"14":{"line":55,"type":"if","locations":[{"start":{"line":0,"column":0},"end":{"line":0,"column":0},"skip":true},{"start":{"line":0,"column":0},"end":{"line":0,"column":0},"skip":true}]},"15":{"line":55,"type":"cond-expr","locations":[{"start":{"line":0,"column":0},"end":{"line":0,"column":0},"skip":true},{"start":{"line":0,"column":0},"end":{"line":0,"column":0},"skip":true}]},"16":{"line":68,"type":"binary-expr","locations":[{"start":{"line":0,"column":0},"end":{"line":0,"column":0},"skip":true},{"start":{"line":0,"column":0},"end":{"line":0,"column":0},"skip":true}]},"17":{"line":77,"type":"if","locations":[{"start":{"line":25,"column":2},"end":{"line":25,"column":2}},{"start":{"line":25,"column":2},"end":{"line":25,"column":2}}]},"18":{"line":79,"type":"if","locations":[{"start":{"line":27,"column":9},"end":{"line":27,"column":9}},{"start":{"line":27,"column":9},"end":{"line":27,"column":9}}]},"19":{"line":81,"type":"if","locations":[{"start":{"line":29,"column":9},"end":{"line":29,"column":9}},{"start":{"line":29,"column":9},"end":{"line":29,"column":9}}]}}},"/Users/kejunliu/Documents/COMP531/hw05/version2.0/auth/landing.js":{"path":"/Users/kejunliu/Documents/COMP531/hw05/version2.0/auth/landing.js","s":{"1":5,"2":5,"3":1,"4":0,"5":0,"6":0,"7":0,"8":0,"9":0,"10":0,"11":5,"12":0,"13":0,"14":0,"15":0,"16":0,"17":5,"18":5,"19":5,"20":5,"21":5,"22":5,"23":0,"24":0,"25":0,"26":0,"27":0,"28":0,"29":0,"30":1,"31":10,"32":1,"33":0,"34":0,"35":1,"36":0,"37":0,"38":0,"39":1,"40":0,"41":0,"42":0,"43":0,"44":0,"45":0,"46":0,"47":0,"48":0,"49":1,"50":0,"51":0,"52":0,"53":0,"54":0,"55":0,"56":0,"57":0,"58":0,"59":0,"60":0},"b":{"1":[0,0],"2":[0,0],"3":[0,0],"4":[0,0],"5":[0,10],"6":[10,10],"7":[0,0],"8":[0,0],"9":[0,0],"10":[0,0,0],"11":[0,0],"12":[0,0],"13":[0,0],"14":[0,0],"15":[0,0],"16":[0,0],"17":[0,0]},"f":{"1":5,"2":0,"3":0,"4":10,"5":0,"6":0,"7":0,"8":0,"9":0,"10":0,"11":0},"fnMap":{"1":{"name":"(anonymous_1)","line":7,"loc":{"start":{"line":0,"column":0},"end":{"line":0,"column":0},"skip":true},"skip":true},"2":{"name":"defineProperties","line":7,"loc":{"start":{"line":0,"column":0},"end":{"line":0,"column":0},"skip":true},"skip":true},"3":{"name":"(anonymous_3)","line":7,"loc":{"start":{"line":0,"column":0},"end":{"line":0,"column":0},"skip":true},"skip":true},"4":{"name":"_interopRequireDefault","line":35,"loc":{"start":{"line":0,"column":0},"end":{"line":0,"column":0},"skip":true},"skip":true},"5":{"name":"_classCallCheck","line":37,"loc":{"start":{"line":0,"column":0},"end":{"line":0,"column":0},"skip":true},"skip":true},"6":{"name":"_possibleConstructorReturn","line":39,"loc":{"start":{"line":0,"column":0},"end":{"line":0,"column":0},"skip":true},"skip":true},"7":{"name":"_inherits","line":41,"loc":{"start":{"line":0,"column":0},"end":{"line":0,"column":0},"skip":true},"skip":true},"8":{"name":"(anonymous_8)","line":47,"loc":{"start":{"line":0,"column":0},"end":{"line":0,"column":0},"skip":true},"skip":true},"9":{"name":"Landing","line":50,"loc":{"start":{"line":0,"column":0},"end":{"line":0,"column":0},"skip":true},"skip":true},"10":{"name":"render","line":58,"loc":{"start":{"line":0,"column":0},"end":{"line":0,"column":0},"skip":true},"skip":true},"11":{"name":"mapStateToProps","line":102,"loc":{"start":{"line":41,"column":24},"end":{"line":41,"column":35}}}},"statementMap":{"1":{"start":{"line":0,"column":0},"end":{"line":0,"column":0},"skip":true},"2":{"start":{"line":0,"column":0},"end":{"line":0,"column":0},"skip":true},"3":{"start":{"line":0,"column":0},"end":{"line":0,"column":0},"skip":true},"4":{"start":{"line":0,"column":0},"end":{"line":0,"column":0},"skip":true},"5":{"start":{"line":0,"column":0},"end":{"line":0,"column":0},"skip":true},"6":{"start":{"line":0,"column":0},"end":{"line":0,"column":0},"skip":true},"7":{"start":{"line":0,"column":0},"end":{"line":0,"column":0},"skip":true},"8":{"start":{"line":0,"column":0},"end":{"line":0,"column":0},"skip":true},"9":{"start":{"line":0,"column":0},"end":{"line":0,"column":0},"skip":true},"10":{"start":{"line":0,"column":0},"end":{"line":0,"column":0},"skip":true},"11":{"start":{"line":0,"column":0},"end":{"line":0,"column":0},"skip":true},"12":{"start":{"line":0,"column":0},"end":{"line":0,"column":0},"skip":true},"13":{"start":{"line":0,"column":0},"end":{"line":0,"column":0},"skip":true},"14":{"start":{"line":0,"column":0},"end":{"line":0,"column":0},"skip":true},"15":{"start":{"line":0,"column":0},"end":{"line":0,"column":0},"skip":true},"16":{"start":{"line":0,"column":0},"end":{"line":0,"column":0},"skip":true},"17":{"start":{"line":4,"column":0},"end":{"line":4,"column":0}},"18":{"start":{"line":0,"column":0},"end":{"line":0,"column":0},"skip":true},"19":{"start":{"line":5,"column":0},"end":{"line":5,"column":0}},"20":{"start":{"line":0,"column":0},"end":{"line":0,"column":0},"skip":true},"21":{"start":{"line":6,"column":0},"end":{"line":6,"column":0}},"22":{"start":{"line":7,"column":0},"end":{"line":7,"column":0}},"23":{"start":{"line":0,"column":0},"end":{"line":0,"column":0},"skip":true},"24":{"start":{"line":8,"column":0},"end":{"line":8,"column":0}},"25":{"start":{"line":0,"column":0},"end":{"line":0,"column":0},"skip":true},"26":{"start":{"line":9,"column":0},"end":{"line":9,"column":0}},"27":{"start":{"line":0,"column":0},"end":{"line":0,"column":0},"skip":true},"28":{"start":{"line":10,"column":0},"end":{"line":10,"column":0}},"29":{"start":{"line":11,"column":0},"end":{"line":11,"column":0}},"30":{"start":{"line":0,"column":0},"end":{"line":0,"column":0},"skip":true},"31":{"start":{"line":0,"column":0},"end":{"line":0,"column":0},"skip":true},"32":{"start":{"line":0,"column":0},"end":{"line":0,"column":0},"skip":true},"33":{"start":{"line":0,"column":0},"end":{"line":0,"column":0},"skip":true},"34":{"start":{"line":0,"column":0},"end":{"line":0,"column":0},"skip":true},"35":{"start":{"line":0,"column":0},"end":{"line":0,"column":0},"skip":true},"36":{"start":{"line":0,"column":0},"end":{"line":0,"column":0},"skip":true},"37":{"start":{"line":0,"column":0},"end":{"line":0,"column":0},"skip":true},"38":{"start":{"line":0,"column":0},"end":{"line":0,"column":0},"skip":true},"39":{"start":{"line":0,"column":0},"end":{"line":0,"column":0},"skip":true},"40":{"start":{"line":0,"column":0},"end":{"line":0,"column":0},"skip":true},"41":{"start":{"line":0,"column":0},"end":{"line":0,"column":0},"skip":true},"42":{"start":{"line":0,"column":0},"end":{"line":0,"column":0},"skip":true},"43":{"start":{"line":0,"column":0},"end":{"line":0,"column":0},"skip":true},"44":{"start":{"line":0,"column":0},"end":{"line":0,"column":0},"skip":true},"45":{"start":{"line":1,"column":-15},"end":{"line":1,"column":-15}},"46":{"start":{"line":2,"column":0},"end":{"line":2,"column":0}},"47":{"start":{"line":0,"column":0},"end":{"line":0,"column":0},"skip":true},"48":{"start":{"line":0,"column":0},"end":{"line":0,"column":0},"skip":true},"49":{"start":{"line":0,"column":0},"end":{"line":0,"column":0},"skip":true},"50":{"start":{"line":0,"column":0},"end":{"line":0,"column":0},"skip":true},"51":{"start":{"line":0,"column":0},"end":{"line":0,"column":0},"skip":true},"52":{"start":{"line":0,"column":0},"end":{"line":0,"column":0},"skip":true},"53":{"start":{"line":15,"column":10},"end":{"line":15,"column":10}},"54":{"start":{"line":17,"column":2},"end":{"line":17,"column":2}},"55":{"start":{"line":0,"column":0},"end":{"line":0,"column":0},"skip":true},"56":{"start":{"line":37,"column":0},"end":{"line":37,"column":0}},"57":{"start":{"line":41,"column":0},"end":{"line":41,"column":0}},"58":{"start":{"line":42,"column":1},"end":{"line":42,"column":1}},"59":{"start":{"line":47,"column":0},"end":{"line":47,"column":0}},"60":{"start":{"line":0,"column":0},"end":{"line":0,"column":0},"skip":true}},"branchMap":{"1":{"line":7,"type":"binary-expr","locations":[{"start":{"line":0,"column":0},"end":{"line":0,"column":0},"skip":true},{"start":{"line":0,"column":0},"end":{"line":0,"column":0},"skip":true}]},"2":{"line":7,"type":"if","locations":[{"start":{"line":0,"column":0},"end":{"line":0,"column":0},"skip":true},{"start":{"line":0,"column":0},"end":{"line":0,"column":0},"skip":true}]},"3":{"line":7,"type":"if","locations":[{"start":{"line":0,"column":0},"end":{"line":0,"column":0},"skip":true},{"start":{"line":0,"column":0},"end":{"line":0,"column":0},"skip":true}]},"4":{"line":7,"type":"if","locations":[{"start":{"line":0,"column":0},"end":{"line":0,"column":0},"skip":true},{"start":{"line":0,"column":0},"end":{"line":0,"column":0},"skip":true}]},"5":{"line":35,"type":"cond-expr","locations":[{"start":{"line":0,"column":0},"end":{"line":0,"column":0},"skip":true},{"start":{"line":0,"column":0},"end":{"line":0,"column":0},"skip":true}]},"6":{"line":35,"type":"binary-expr","locations":[{"start":{"line":0,"column":0},"end":{"line":0,"column":0},"skip":true},{"start":{"line":0,"column":0},"end":{"line":0,"column":0},"skip":true}]},"7":{"line":37,"type":"if","locations":[{"start":{"line":0,"column":0},"end":{"line":0,"column":0},"skip":true},{"start":{"line":0,"column":0},"end":{"line":0,"column":0},"skip":true}]},"8":{"line":39,"type":"if","locations":[{"start":{"line":0,"column":0},"end":{"line":0,"column":0},"skip":true},{"start":{"line":0,"column":0},"end":{"line":0,"column":0},"skip":true}]},"9":{"line":39,"type":"cond-expr","locations":[{"start":{"line":0,"column":0},"end":{"line":0,"column":0},"skip":true},{"start":{"line":0,"column":0},"end":{"line":0,"column":0},"skip":true}]},"10":{"line":39,"type":"binary-expr","locations":[{"start":{"line":0,"column":0},"end":{"line":0,"column":0},"skip":true},{"start":{"line":0,"column":0},"end":{"line":0,"column":0},"skip":true},{"start":{"line":0,"column":0},"end":{"line":0,"column":0},"skip":true}]},"11":{"line":41,"type":"if","locations":[{"start":{"line":0,"column":0},"end":{"line":0,"column":0},"skip":true},{"start":{"line":0,"column":0},"end":{"line":0,"column":0},"skip":true}]},"12":{"line":41,"type":"binary-expr","locations":[{"start":{"line":0,"column":0},"end":{"line":0,"column":0},"skip":true},{"start":{"line":0,"column":0},"end":{"line":0,"column":0},"skip":true}]},"13":{"line":41,"type":"binary-expr","locations":[{"start":{"line":0,"column":0},"end":{"line":0,"column":0},"skip":true},{"start":{"line":0,"column":0},"end":{"line":0,"column":0},"skip":true}]},"14":{"line":41,"type":"if","locations":[{"start":{"line":0,"column":0},"end":{"line":0,"column":0},"skip":true},{"start":{"line":0,"column":0},"end":{"line":0,"column":0},"skip":true}]},"15":{"line":41,"type":"cond-expr","locations":[{"start":{"line":0,"column":0},"end":{"line":0,"column":0},"skip":true},{"start":{"line":0,"column":0},"end":{"line":0,"column":0},"skip":true}]},"16":{"line":53,"type":"binary-expr","locations":[{"start":{"line":0,"column":0},"end":{"line":0,"column":0},"skip":true},{"start":{"line":0,"column":0},"end":{"line":0,"column":0},"skip":true}]},"17":{"line":70,"type":"cond-expr","locations":[{"start":{"line":20,"column":53},"end":{"line":20,"column":34}},{"start":{"line":20,"column":64},"end":{"line":20,"column":64}}]}}},"/Users/kejunliu/Documents/COMP531/hw05/version2.0/auth/login.js":{"path":"/Users/kejunliu/Documents/COMP531/hw05/version2.0/auth/login.js","s":{"1":6,"2":6,"3":6,"4":1,"5":0,"6":0,"7":0,"8":0,"9":0,"10":0,"11":0,"12":6,"13":0,"14":0,"15":0,"16":0,"17":0,"18":6,"19":6,"20":6,"21":6,"22":6,"23":6,"24":6,"25":6,"26":6,"27":1,"28":12,"29":1,"30":0,"31":0,"32":1,"33":0,"34":0,"35":0,"36":1,"37":0,"38":0,"39":0,"40":0,"41":0,"42":6,"43":0,"44":0,"45":1,"46":0,"47":0,"48":0,"49":0,"50":0,"51":0,"52":0,"53":0,"54":0,"55":0,"56":0,"57":0,"58":0,"59":0,"60":0,"61":0,"62":0},"b":{"1":[0,0],"2":[0,0],"3":[0,0],"4":[0,0],"5":[0,12],"6":[12,12],"7":[0,0],"8":[0,0],"9":[0,0],"10":[0,0,0],"11":[0,0],"12":[0,0],"13":[0,0],"14":[0,0],"15":[0,0],"16":[0,0]},"f":{"1":6,"2":0,"3":0,"4":12,"5":0,"6":0,"7":0,"8":0,"9":0,"10":0,"11":0,"12":0,"13":0,"14":0,"15":0},"fnMap":{"1":{"name":"(anonymous_1)","line":8,"loc":{"start":{"line":0,"column":0},"end":{"line":0,"column":0},"skip":true},"skip":true},"2":{"name":"defineProperties","line":8,"loc":{"start":{"line":0,"column":0},"end":{"line":0,"column":0},"skip":true},"skip":true},"3":{"name":"(anonymous_3)","line":8,"loc":{"start":{"line":0,"column":0},"end":{"line":0,"column":0},"skip":true},"skip":true},"4":{"name":"_interopRequireDefault","line":28,"loc":{"start":{"line":0,"column":0},"end":{"line":0,"column":0},"skip":true},"skip":true},"5":{"name":"_classCallCheck","line":30,"loc":{"start":{"line":0,"column":0},"end":{"line":0,"column":0},"skip":true},"skip":true},"6":{"name":"_possibleConstructorReturn","line":32,"loc":{"start":{"line":0,"column":0},"end":{"line":0,"column":0},"skip":true},"skip":true},"7":{"name":"_inherits","line":34,"loc":{"start":{"line":0,"column":0},"end":{"line":0,"column":0},"skip":true},"skip":true},"8":{"name":"(anonymous_8)","line":39,"loc":{"start":{"line":0,"column":0},"end":{"line":0,"column":0},"skip":true},"skip":true},"9":{"name":"Login","line":42,"loc":{"start":{"line":0,"column":0},"end":{"line":0,"column":0},"skip":true},"skip":true},"10":{"name":"render","line":50,"loc":{"start":{"line":0,"column":0},"end":{"line":0,"column":0},"skip":true},"skip":true},"11":{"name":"_login","line":55,"loc":{"start":{"line":17,"column":21},"end":{"line":17,"column":27}}},"12":{"name":"ref","line":88,"loc":{"start":{"line":33,"column":91},"end":{"line":33,"column":91}}},"13":{"name":"ref","line":95,"loc":{"start":{"line":37,"column":88},"end":{"line":37,"column":88}}},"14":{"name":"(anonymous_14)","line":118,"loc":{"start":{"line":53,"column":28},"end":{"line":53,"column":28}}},"15":{"name":"login","line":120,"loc":{"start":{"line":54,"column":11},"end":{"line":54,"column":35}}}},"statementMap":{"1":{"start":{"line":0,"column":0},"end":{"line":0,"column":0},"skip":true},"2":{"start":{"line":0,"column":0},"end":{"line":0,"column":0},"skip":true},"3":{"start":{"line":0,"column":0},"end":{"line":0,"column":0},"skip":true},"4":{"start":{"line":0,"column":0},"end":{"line":0,"column":0},"skip":true},"5":{"start":{"line":0,"column":0},"end":{"line":0,"column":0},"skip":true},"6":{"start":{"line":0,"column":0},"end":{"line":0,"column":0},"skip":true},"7":{"start":{"line":0,"column":0},"end":{"line":0,"column":0},"skip":true},"8":{"start":{"line":0,"column":0},"end":{"line":0,"column":0},"skip":true},"9":{"start":{"line":0,"column":0},"end":{"line":0,"column":0},"skip":true},"10":{"start":{"line":0,"column":0},"end":{"line":0,"column":0},"skip":true},"11":{"start":{"line":0,"column":0},"end":{"line":0,"column":0},"skip":true},"12":{"start":{"line":0,"column":0},"end":{"line":0,"column":0},"skip":true},"13":{"start":{"line":0,"column":0},"end":{"line":0,"column":0},"skip":true},"14":{"start":{"line":0,"column":0},"end":{"line":0,"column":0},"skip":true},"15":{"start":{"line":0,"column":0},"end":{"line":0,"column":0},"skip":true},"16":{"start":{"line":0,"column":0},"end":{"line":0,"column":0},"skip":true},"17":{"start":{"line":0,"column":0},"end":{"line":0,"column":0},"skip":true},"18":{"start":{"line":2,"column":0},"end":{"line":2,"column":0}},"19":{"start":{"line":3,"column":0},"end":{"line":3,"column":0}},"20":{"start":{"line":4,"column":0},"end":{"line":4,"column":0}},"21":{"start":{"line":0,"column":0},"end":{"line":0,"column":0},"skip":true},"22":{"start":{"line":5,"column":0},"end":{"line":5,"column":0}},"23":{"start":{"line":0,"column":0},"end":{"line":0,"column":0},"skip":true},"24":{"start":{"line":6,"column":0},"end":{"line":6,"column":0}},"25":{"start":{"line":9,"column":0},"end":{"line":9,"column":0}},"26":{"start":{"line":10,"column":0},"end":{"line":10,"column":0}},"27":{"start":{"line":0,"column":0},"end":{"line":0,"column":0},"skip":true},"28":{"start":{"line":0,"column":0},"end":{"line":0,"column":0},"skip":true},"29":{"start":{"line":0,"column":0},"end":{"line":0,"column":0},"skip":true},"30":{"start":{"line":0,"column":0},"end":{"line":0,"column":0},"skip":true},"31":{"start":{"line":0,"column":0},"end":{"line":0,"column":0},"skip":true},"32":{"start":{"line":0,"column":0},"end":{"line":0,"column":0},"skip":true},"33":{"start":{"line":0,"column":0},"end":{"line":0,"column":0},"skip":true},"34":{"start":{"line":0,"column":0},"end":{"line":0,"column":0},"skip":true},"35":{"start":{"line":0,"column":0},"end":{"line":0,"column":0},"skip":true},"36":{"start":{"line":0,"column":0},"end":{"line":0,"column":0},"skip":true},"37":{"start":{"line":0,"column":0},"end":{"line":0,"column":0},"skip":true},"38":{"start":{"line":0,"column":0},"end":{"line":0,"column":0},"skip":true},"39":{"start":{"line":0,"column":0},"end":{"line":0,"column":0},"skip":true},"40":{"start":{"line":0,"column":0},"end":{"line":0,"column":0},"skip":true},"41":{"start":{"line":0,"column":0},"end":{"line":0,"column":0},"skip":true},"42":{"start":{"line":1,"column":-15},"end":{"line":1,"column":-15}},"43":{"start":{"line":0,"column":0},"end":{"line":0,"column":0},"skip":true},"44":{"start":{"line":0,"column":0},"end":{"line":0,"column":0},"skip":true},"45":{"start":{"line":0,"column":0},"end":{"line":0,"column":0},"skip":true},"46":{"start":{"line":0,"column":0},"end":{"line":0,"column":0},"skip":true},"47":{"start":{"line":0,"column":0},"end":{"line":0,"column":0},"skip":true},"48":{"start":{"line":0,"column":0},"end":{"line":0,"column":0},"skip":true},"49":{"start":{"line":14,"column":6},"end":{"line":14,"column":6}},"50":{"start":{"line":15,"column":6},"end":{"line":15,"column":6}},"51":{"start":{"line":13,"column":13},"end":{"line":13,"column":13}},"52":{"start":{"line":17,"column":6},"end":{"line":17,"column":6}},"53":{"start":{"line":18,"column":8},"end":{"line":18,"column":8}},"54":{"start":{"line":21,"column":6},"end":{"line":21,"column":6}},"55":{"start":{"line":33,"column":91},"end":{"line":33,"column":91}},"56":{"start":{"line":37,"column":88},"end":{"line":37,"column":88}},"57":{"start":{"line":0,"column":0},"end":{"line":0,"column":0},"skip":true},"58":{"start":{"line":49,"column":0},"end":{"line":49,"column":0}},"59":{"start":{"line":53,"column":0},"end":{"line":53,"column":0}},"60":{"start":{"line":53,"column":28},"end":{"line":53,"column":28}},"61":{"start":{"line":55,"column":6},"end":{"line":55,"column":6}},"62":{"start":{"line":0,"column":0},"end":{"line":0,"column":0},"skip":true}},"branchMap":{"1":{"line":8,"type":"binary-expr","locations":[{"start":{"line":0,"column":0},"end":{"line":0,"column":0},"skip":true},{"start":{"line":0,"column":0},"end":{"line":0,"column":0},"skip":true}]},"2":{"line":8,"type":"if","locations":[{"start":{"line":0,"column":0},"end":{"line":0,"column":0},"skip":true},{"start":{"line":0,"column":0},"end":{"line":0,"column":0},"skip":true}]},"3":{"line":8,"type":"if","locations":[{"start":{"line":0,"column":0},"end":{"line":0,"column":0},"skip":true},{"start":{"line":0,"column":0},"end":{"line":0,"column":0},"skip":true}]},"4":{"line":8,"type":"if","locations":[{"start":{"line":0,"column":0},"end":{"line":0,"column":0},"skip":true},{"start":{"line":0,"column":0},"end":{"line":0,"column":0},"skip":true}]},"5":{"line":28,"type":"cond-expr","locations":[{"start":{"line":0,"column":0},"end":{"line":0,"column":0},"skip":true},{"start":{"line":0,"column":0},"end":{"line":0,"column":0},"skip":true}]},"6":{"line":28,"type":"binary-expr","locations":[{"start":{"line":0,"column":0},"end":{"line":0,"column":0},"skip":true},{"start":{"line":0,"column":0},"end":{"line":0,"column":0},"skip":true}]},"7":{"line":30,"type":"if","locations":[{"start":{"line":0,"column":0},"end":{"line":0,"column":0},"skip":true},{"start":{"line":0,"column":0},"end":{"line":0,"column":0},"skip":true}]},"8":{"line":32,"type":"if","locations":[{"start":{"line":0,"column":0},"end":{"line":0,"column":0},"skip":true},{"start":{"line":0,"column":0},"end":{"line":0,"column":0},"skip":true}]},"9":{"line":32,"type":"cond-expr","locations":[{"start":{"line":0,"column":0},"end":{"line":0,"column":0},"skip":true},{"start":{"line":0,"column":0},"end":{"line":0,"column":0},"skip":true}]},"10":{"line":32,"type":"binary-expr","locations":[{"start":{"line":0,"column":0},"end":{"line":0,"column":0},"skip":true},{"start":{"line":0,"column":0},"end":{"line":0,"column":0},"skip":true},{"start":{"line":0,"column":0},"end":{"line":0,"column":0},"skip":true}]},"11":{"line":34,"type":"if","locations":[{"start":{"line":0,"column":0},"end":{"line":0,"column":0},"skip":true},{"start":{"line":0,"column":0},"end":{"line":0,"column":0},"skip":true}]},"12":{"line":34,"type":"binary-expr","locations":[{"start":{"line":0,"column":0},"end":{"line":0,"column":0},"skip":true},{"start":{"line":0,"column":0},"end":{"line":0,"column":0},"skip":true}]},"13":{"line":34,"type":"binary-expr","locations":[{"start":{"line":0,"column":0},"end":{"line":0,"column":0},"skip":true},{"start":{"line":0,"column":0},"end":{"line":0,"column":0},"skip":true}]},"14":{"line":34,"type":"if","locations":[{"start":{"line":0,"column":0},"end":{"line":0,"column":0},"skip":true},{"start":{"line":0,"column":0},"end":{"line":0,"column":0},"skip":true}]},"15":{"line":34,"type":"cond-expr","locations":[{"start":{"line":0,"column":0},"end":{"line":0,"column":0},"skip":true},{"start":{"line":0,"column":0},"end":{"line":0,"column":0},"skip":true}]},"16":{"line":45,"type":"binary-expr","locations":[{"start":{"line":0,"column":0},"end":{"line":0,"column":0},"skip":true},{"start":{"line":0,"column":0},"end":{"line":0,"column":0},"skip":true}]}}},"/Users/kejunliu/Documents/COMP531/hw05/version2.0/auth/landinglogic.js":{"path":"/Users/kejunliu/Documents/COMP531/hw05/version2.0/auth/landinglogic.js","s":{"1":1,"2":1,"3":1,"4":1,"5":1,"6":1,"7":1,"8":0,"9":0,"10":0,"11":0,"12":0,"13":0,"14":0,"15":0,"16":0,"17":0,"18":0,"19":0,"20":0,"21":0,"22":0,"23":1,"24":0,"25":0,"26":0,"27":0,"28":1,"29":0,"30":0,"31":0,"32":0,"33":1,"34":0,"35":0,"36":0,"37":0,"38":1,"39":0,"40":0,"41":0,"42":0,"43":0,"44":0,"45":0,"46":0,"47":0,"48":0,"49":0,"50":1,"51":0,"52":0,"53":0,"54":0,"55":1,"56":0,"57":0,"58":0,"59":1},"b":{"1":[0,0],"2":[0,0,0,0,0,0,0],"3":[0,0],"4":[0,0],"5":[0,0],"6":[0,0],"7":[0,0],"8":[0,0],"9":[0,0],"10":[0,0],"11":[0,0],"12":[0,0],"13":[0,0],"14":[0,0],"15":[0,0,0],"16":[0,0],"17":[0,0],"18":[0,0]},"f":{"1":0,"2":0,"3":0,"4":0,"5":0,"6":0,"7":0},"fnMap":{"1":{"name":"validateRegister","line":12,"loc":{"start":{"line":2,"column":0},"end":{"line":2,"column":56}}},"2":{"name":"validateName","line":23,"loc":{"start":{"line":20,"column":7},"end":{"line":20,"column":32}}},"3":{"name":"validatePhone","line":31,"loc":{"start":{"line":28,"column":7},"end":{"line":28,"column":34}}},"4":{"name":"validateEmail","line":39,"loc":{"start":{"line":36,"column":7},"end":{"line":36,"column":33}}},"5":{"name":"validateBirth","line":47,"loc":{"start":{"line":44,"column":0},"end":{"line":44,"column":28}}},"6":{"name":"validateZip","line":64,"loc":{"start":{"line":61,"column":7},"end":{"line":61,"column":33}}},"7":{"name":"validatePwd","line":72,"loc":{"start":{"line":69,"column":7},"end":{"line":69,"column":36}}}},"statementMap":{"1":{"start":{"line":0,"column":0},"end":{"line":0,"column":0},"skip":true},"2":{"start":{"line":0,"column":0},"end":{"line":0,"column":0},"skip":true},"3":{"start":{"line":0,"column":0},"end":{"line":0,"column":0},"skip":true},"4":{"start":{"line":0,"column":0},"end":{"line":0,"column":0},"skip":true},"5":{"start":{"line":0,"column":0},"end":{"line":0,"column":0},"skip":true},"6":{"start":{"line":0,"column":0},"end":{"line":0,"column":0},"skip":true},"7":{"start":{"line":2,"column":0},"end":{"line":18,"column":1}},"8":{"start":{"line":3,"column":1},"end":{"line":4,"column":2}},"9":{"start":{"line":4,"column":2},"end":{"line":4,"column":2}},"10":{"start":{"line":5,"column":1},"end":{"line":6,"column":2}},"11":{"start":{"line":6,"column":2},"end":{"line":6,"column":2}},"12":{"start":{"line":7,"column":1},"end":{"line":8,"column":2}},"13":{"start":{"line":8,"column":2},"end":{"line":8,"column":2}},"14":{"start":{"line":9,"column":1},"end":{"line":10,"column":2}},"15":{"start":{"line":10,"column":2},"end":{"line":10,"column":2}},"16":{"start":{"line":11,"column":1},"end":{"line":12,"column":2}},"17":{"start":{"line":12,"column":2},"end":{"line":12,"column":2}},"18":{"start":{"line":13,"column":1},"end":{"line":14,"column":2}},"19":{"start":{"line":14,"column":2},"end":{"line":14,"column":2}},"20":{"start":{"line":15,"column":1},"end":{"line":16,"column":2}},"21":{"start":{"line":16,"column":2},"end":{"line":16,"column":2}},"22":{"start":{"line":17,"column":1},"end":{"line":17,"column":1}},"23":{"start":{"line":20,"column":7},"end":{"line":27,"column":1}},"24":{"start":{"line":22,"column":1},"end":{"line":22,"column":1}},"25":{"start":{"line":23,"column":1},"end":{"line":25,"column":2}},"26":{"start":{"line":24,"column":2},"end":{"line":24,"column":2}},"27":{"start":{"line":26,"column":1},"end":{"line":26,"column":1}},"28":{"start":{"line":28,"column":7},"end":{"line":35,"column":1}},"29":{"start":{"line":30,"column":1},"end":{"line":30,"column":1}},"30":{"start":{"line":31,"column":1},"end":{"line":33,"column":2}},"31":{"start":{"line":32,"column":2},"end":{"line":32,"column":2}},"32":{"start":{"line":34,"column":1},"end":{"line":34,"column":1}},"33":{"start":{"line":36,"column":7},"end":{"line":43,"column":1}},"34":{"start":{"line":38,"column":1},"end":{"line":38,"column":1}},"35":{"start":{"line":39,"column":1},"end":{"line":41,"column":2}},"36":{"start":{"line":40,"column":2},"end":{"line":40,"column":2}},"37":{"start":{"line":42,"column":1},"end":{"line":42,"column":1}},"38":{"start":{"line":44,"column":0},"end":{"line":60,"column":1}},"39":{"start":{"line":46,"column":1},"end":{"line":48,"column":2}},"40":{"start":{"line":47,"column":2},"end":{"line":47,"column":2}},"41":{"start":{"line":49,"column":1},"end":{"line":49,"column":1}},"42":{"start":{"line":50,"column":1},"end":{"line":50,"column":1}},"43":{"start":{"line":51,"column":1},"end":{"line":51,"column":1}},"44":{"start":{"line":52,"column":1},"end":{"line":52,"column":1}},"45":{"start":{"line":53,"column":1},"end":{"line":55,"column":2}},"46":{"start":{"line":54,"column":2},"end":{"line":54,"column":2}},"47":{"start":{"line":56,"column":1},"end":{"line":58,"column":2}},"48":{"start":{"line":57,"column":2},"end":{"line":57,"column":2}},"49":{"start":{"line":59,"column":1},"end":{"line":59,"column":1}},"50":{"start":{"line":61,"column":7},"end":{"line":68,"column":1}},"51":{"start":{"line":63,"column":1},"end":{"line":63,"column":1}},"52":{"start":{"line":64,"column":1},"end":{"line":66,"column":2}},"53":{"start":{"line":65,"column":2},"end":{"line":65,"column":2}},"54":{"start":{"line":67,"column":1},"end":{"line":67,"column":1}},"55":{"start":{"line":69,"column":7},"end":{"line":76,"column":1}},"56":{"start":{"line":71,"column":1},"end":{"line":73,"column":2}},"57":{"start":{"line":72,"column":2},"end":{"line":72,"column":2}},"58":{"start":{"line":75,"column":1},"end":{"line":75,"column":1}},"59":{"start":{"line":0,"column":0},"end":{"line":0,"column":0},"skip":true}},"branchMap":{"1":{"line":13,"type":"if","locations":[{"start":{"line":3,"column":1},"end":{"line":3,"column":1}},{"start":{"line":3,"column":1},"end":{"line":3,"column":1}}]},"2":{"line":13,"type":"binary-expr","locations":[{"start":{"line":3,"column":5},"end":{"line":3,"column":5}},{"start":{"line":3,"column":17},"end":{"line":3,"column":5}},{"start":{"line":3,"column":29},"end":{"line":3,"column":5}},{"start":{"line":3,"column":41},"end":{"line":3,"column":5}},{"start":{"line":3,"column":54},"end":{"line":3,"column":5}},{"start":{"line":3,"column":67},"end":{"line":3,"column":5}},{"start":{"line":3,"column":79},"end":{"line":3,"column":1}}]},"3":{"line":14,"type":"if","locations":[{"start":{"line":5,"column":1},"end":{"line":5,"column":1}},{"start":{"line":5,"column":1},"end":{"line":5,"column":1}}]},"4":{"line":15,"type":"if","locations":[{"start":{"line":7,"column":1},"end":{"line":7,"column":1}},{"start":{"line":7,"column":1},"end":{"line":7,"column":1}}]},"5":{"line":16,"type":"if","locations":[{"start":{"line":9,"column":1},"end":{"line":9,"column":1}},{"start":{"line":9,"column":1},"end":{"line":9,"column":1}}]},"6":{"line":17,"type":"if","locations":[{"start":{"line":11,"column":1},"end":{"line":11,"column":1}},{"start":{"line":11,"column":1},"end":{"line":11,"column":1}}]},"7":{"line":18,"type":"if","locations":[{"start":{"line":13,"column":1},"end":{"line":13,"column":1}},{"start":{"line":13,"column":1},"end":{"line":13,"column":1}}]},"8":{"line":19,"type":"if","locations":[{"start":{"line":15,"column":1},"end":{"line":15,"column":1}},{"start":{"line":15,"column":1},"end":{"line":15,"column":1}}]},"9":{"line":26,"type":"if","locations":[{"start":{"line":23,"column":1},"end":{"line":23,"column":1}},{"start":{"line":23,"column":1},"end":{"line":23,"column":1}}]},"10":{"line":34,"type":"if","locations":[{"start":{"line":31,"column":1},"end":{"line":31,"column":1}},{"start":{"line":31,"column":1},"end":{"line":31,"column":1}}]},"11":{"line":42,"type":"if","locations":[{"start":{"line":39,"column":1},"end":{"line":39,"column":1}},{"start":{"line":39,"column":1},"end":{"line":39,"column":1}}]},"12":{"line":49,"type":"if","locations":[{"start":{"line":46,"column":1},"end":{"line":46,"column":1}},{"start":{"line":46,"column":1},"end":{"line":46,"column":1}}]},"13":{"line":49,"type":"binary-expr","locations":[{"start":{"line":46,"column":5},"end":{"line":46,"column":5}},{"start":{"line":46,"column":14},"end":{"line":46,"column":1}}]},"14":{"line":56,"type":"if","locations":[{"start":{"line":53,"column":1},"end":{"line":53,"column":1}},{"start":{"line":53,"column":1},"end":{"line":53,"column":1}}]},"15":{"line":56,"type":"binary-expr","locations":[{"start":{"line":53,"column":4},"end":{"line":53,"column":4}},{"start":{"line":53,"column":33},"end":{"line":53,"column":33}},{"start":{"line":53,"column":62},"end":{"line":53,"column":1}}]},"16":{"line":59,"type":"if","locations":[{"start":{"line":56,"column":1},"end":{"line":56,"column":1}},{"start":{"line":56,"column":1},"end":{"line":56,"column":1}}]},"17":{"line":67,"type":"if","locations":[{"start":{"line":64,"column":1},"end":{"line":64,"column":1}},{"start":{"line":64,"column":1},"end":{"line":64,"column":1}}]},"18":{"line":74,"type":"if","locations":[{"start":{"line":71,"column":1},"end":{"line":71,"column":1}},{"start":{"line":71,"column":1},"end":{"line":71,"column":1}}]}}},"/Users/kejunliu/Documents/COMP531/hw05/version2.0/auth/authActions.js":{"path":"/Users/kejunliu/Documents/COMP531/hw05/version2.0/auth/authActions.js","s":{"1":1,"2":1,"3":1,"4":1,"5":1,"6":1,"7":1,"8":1,"9":1,"10":1,"11":1,"12":1,"13":1,"14":1,"15":1,"16":1,"17":0,"18":0,"19":0,"20":0,"21":0,"22":0,"23":0,"24":0,"25":0,"26":1,"27":0,"28":0,"29":0,"30":0,"31":0,"32":0,"33":0,"34":0,"35":0,"36":0,"37":0,"38":0,"39":1,"40":0,"41":0,"42":0,"43":0,"44":0,"45":0,"46":1,"47":0,"48":0,"49":0,"50":0,"51":0,"52":1,"53":0,"54":0,"55":0,"56":0,"57":0,"58":1,"59":0,"60":0,"61":0,"62":0,"63":0,"64":0,"65":1,"66":0,"67":0,"68":0,"69":0,"70":0,"71":0,"72":1,"73":0,"74":0,"75":0,"76":0,"77":0,"78":1,"79":0,"80":0,"81":0,"82":0,"83":0,"84":0,"85":0,"86":0,"87":0,"88":0,"89":0,"90":1,"91":0,"92":0,"93":0,"94":0,"95":0,"96":1,"97":0,"98":0,"99":0,"100":0,"101":0,"102":0,"103":0,"104":0,"105":0,"106":0,"107":1,"108":0,"109":0,"110":0,"111":0,"112":0,"113":1,"114":0,"115":0,"116":0,"117":0,"118":0,"119":1,"120":0,"121":0},"b":{"1":[0,1],"2":[1,1],"3":[0,0],"4":[0,0],"5":[0,0],"6":[0,0],"7":[0,0]},"f":{"1":1,"2":0,"3":0,"4":0,"5":0,"6":0,"7":0,"8":0,"9":0,"10":0,"11":0,"12":0,"13":0,"14":0,"15":0,"16":0,"17":0,"18":0,"19":0,"20":0,"21":0,"22":0,"23":0,"24":0,"25":0,"26":0,"27":0,"28":0,"29":0,"30":0,"31":0,"32":0,"33":0,"34":0,"35":0,"36":0,"37":0,"38":0,"39":0,"40":0,"41":0,"42":0,"43":0,"44":0,"45":0,"46":0,"47":0,"48":0,"49":0,"50":0,"51":0},"fnMap":{"1":{"name":"_interopRequireDefault","line":21,"loc":{"start":{"line":0,"column":0},"end":{"line":0,"column":0},"skip":true},"skip":true},"2":{"name":"resource","line":25,"loc":{"start":{"line":6,"column":24},"end":{"line":6,"column":55}}},"3":{"name":"(anonymous_3)","line":35,"loc":{"start":{"line":17,"column":10},"end":{"line":17,"column":15}}},"4":{"name":"localLogin","line":50,"loc":{"start":{"line":32,"column":7},"end":{"line":32,"column":47}}},"5":{"name":"(anonymous_5)","line":51,"loc":{"start":{"line":33,"column":11},"end":{"line":33,"column":11}}},"6":{"name":"(anonymous_6)","line":52,"loc":{"start":{"line":35,"column":14},"end":{"line":35,"column":28}}},"7":{"name":"(anonymous_7)","line":62,"loc":{"start":{"line":45,"column":17},"end":{"line":45,"column":26}}},"8":{"name":"initailVisit","line":68,"loc":{"start":{"line":52,"column":0},"end":{"line":52,"column":24}}},"9":{"name":"(anonymous_9)","line":69,"loc":{"start":{"line":53,"column":11},"end":{"line":53,"column":25}}},"10":{"name":"(anonymous_10)","line":70,"loc":{"start":{"line":55,"column":14},"end":{"line":55,"column":28}}},"11":{"name":"(anonymous_11)","line":74,"loc":{"start":{"line":61,"column":15},"end":{"line":61,"column":24}}},"12":{"name":"getUserAvatar","line":80,"loc":{"start":{"line":67,"column":7},"end":{"line":67,"column":32}}},"13":{"name":"(anonymous_13)","line":81,"loc":{"start":{"line":68,"column":9},"end":{"line":68,"column":9}}},"14":{"name":"(anonymous_14)","line":82,"loc":{"start":{"line":70,"column":14},"end":{"line":70,"column":21}}},"15":{"name":"(anonymous_15)","line":85,"loc":{"start":{"line":74,"column":15},"end":{"line":74,"column":24}}},"16":{"name":"getZipCode","line":91,"loc":{"start":{"line":80,"column":7},"end":{"line":80,"column":29}}},"17":{"name":"(anonymous_17)","line":92,"loc":{"start":{"line":81,"column":9},"end":{"line":81,"column":9}}},"18":{"name":"(anonymous_18)","line":93,"loc":{"start":{"line":83,"column":14},"end":{"line":83,"column":28}}},"19":{"name":"(anonymous_19)","line":96,"loc":{"start":{"line":87,"column":15},"end":{"line":87,"column":24}}},"20":{"name":"getDOB","line":102,"loc":{"start":{"line":92,"column":7},"end":{"line":92,"column":25}}},"21":{"name":"(anonymous_21)","line":103,"loc":{"start":{"line":93,"column":9},"end":{"line":93,"column":9}}},"22":{"name":"(anonymous_22)","line":104,"loc":{"start":{"line":95,"column":14},"end":{"line":95,"column":28}}},"23":{"name":"(anonymous_23)","line":108,"loc":{"start":{"line":100,"column":15},"end":{"line":100,"column":24}}},"24":{"name":"formatDate","line":114,"loc":{"start":{"line":105,"column":7},"end":{"line":105,"column":33}}},"25":{"name":"getEmail","line":126,"loc":{"start":{"line":117,"column":7},"end":{"line":117,"column":27}}},"26":{"name":"(anonymous_26)","line":127,"loc":{"start":{"line":118,"column":9},"end":{"line":118,"column":9}}},"27":{"name":"(anonymous_27)","line":128,"loc":{"start":{"line":120,"column":14},"end":{"line":120,"column":28}}},"28":{"name":"(anonymous_28)","line":131,"loc":{"start":{"line":124,"column":15},"end":{"line":124,"column":24}}},"29":{"name":"getArticle","line":137,"loc":{"start":{"line":129,"column":7},"end":{"line":129,"column":29}}},"30":{"name":"(anonymous_30)","line":138,"loc":{"start":{"line":130,"column":11},"end":{"line":130,"column":11}}},"31":{"name":"(anonymous_31)","line":139,"loc":{"start":{"line":132,"column":14},"end":{"line":132,"column":28}}},"32":{"name":"(anonymous_32)","line":150,"loc":{"start":{"line":146,"column":14},"end":{"line":146,"column":28}}},"33":{"name":"(anonymous_33)","line":152,"loc":{"start":{"line":149,"column":15},"end":{"line":149,"column":24}}},"34":{"name":"getAvatarInArticle","line":158,"loc":{"start":{"line":154,"column":0},"end":{"line":154,"column":33}}},"35":{"name":"(anonymous_35)","line":159,"loc":{"start":{"line":155,"column":9},"end":{"line":155,"column":23}}},"36":{"name":"(anonymous_36)","line":160,"loc":{"start":{"line":157,"column":14},"end":{"line":157,"column":21}}},"37":{"name":"(anonymous_37)","line":163,"loc":{"start":{"line":161,"column":15},"end":{"line":161,"column":24}}},"38":{"name":"getFriends","line":169,"loc":{"start":{"line":167,"column":0},"end":{"line":167,"column":22}}},"39":{"name":"(anonymous_39)","line":170,"loc":{"start":{"line":168,"column":9},"end":{"line":168,"column":23}}},"40":{"name":"(anonymous_40)","line":171,"loc":{"start":{"line":170,"column":10},"end":{"line":170,"column":24}}},"41":{"name":"(anonymous_41)","line":180,"loc":{"start":{"line":180,"column":11},"end":{"line":180,"column":20}}},"42":{"name":"getAvatar","line":186,"loc":{"start":{"line":186,"column":0},"end":{"line":186,"column":24}}},"43":{"name":"(anonymous_43)","line":187,"loc":{"start":{"line":187,"column":9},"end":{"line":187,"column":23}}},"44":{"name":"(anonymous_44)","line":188,"loc":{"start":{"line":189,"column":14},"end":{"line":189,"column":21}}},"45":{"name":"(anonymous_45)","line":191,"loc":{"start":{"line":193,"column":15},"end":{"line":193,"column":24}}},"46":{"name":"getHeadline","line":197,"loc":{"start":{"line":199,"column":0},"end":{"line":199,"column":26}}},"47":{"name":"(anonymous_47)","line":198,"loc":{"start":{"line":200,"column":9},"end":{"line":200,"column":23}}},"48":{"name":"(anonymous_48)","line":199,"loc":{"start":{"line":202,"column":14},"end":{"line":202,"column":21}}},"49":{"name":"(anonymous_49)","line":202,"loc":{"start":{"line":206,"column":15},"end":{"line":206,"column":24}}},"50":{"name":"navToMain","line":208,"loc":{"start":{"line":212,"column":0},"end":{"line":212,"column":21}}},"51":{"name":"(anonymous_51)","line":209,"loc":{"start":{"line":213,"column":9},"end":{"line":213,"column":23}}}},"statementMap":{"1":{"start":{"line":0,"column":0},"end":{"line":0,"column":0},"skip":true},"2":{"start":{"line":0,"column":0},"end":{"line":0,"column":0},"skip":true},"3":{"start":{"line":0,"column":0},"end":{"line":0,"column":0},"skip":true},"4":{"start":{"line":0,"column":0},"end":{"line":0,"column":0},"skip":true},"5":{"start":{"line":0,"column":0},"end":{"line":0,"column":0},"skip":true},"6":{"start":{"line":0,"column":0},"end":{"line":0,"column":0},"skip":true},"7":{"start":{"line":0,"column":0},"end":{"line":0,"column":0},"skip":true},"8":{"start":{"line":0,"column":0},"end":{"line":0,"column":0},"skip":true},"9":{"start":{"line":0,"column":0},"end":{"line":0,"column":0},"skip":true},"10":{"start":{"line":1,"column":-15},"end":{"line":1,"column":-15}},"11":{"start":{"line":3,"column":0},"end":{"line":3,"column":0}},"12":{"start":{"line":0,"column":0},"end":{"line":0,"column":0},"skip":true},"13":{"start":{"line":0,"column":0},"end":{"line":0,"column":0},"skip":true},"14":{"start":{"line":0,"column":0},"end":{"line":0,"column":0},"skip":true},"15":{"start":{"line":4,"column":7},"end":{"line":4,"column":7}},"16":{"start":{"line":6,"column":7},"end":{"line":6,"column":7}},"17":{"start":{"line":7,"column":2},"end":{"line":7,"column":2}},"18":{"start":{"line":14,"column":2},"end":{"line":14,"column":15}},"19":{"start":{"line":14,"column":15},"end":{"line":14,"column":15}},"20":{"start":{"line":16,"column":2},"end":{"line":16,"column":2}},"21":{"start":{"line":18,"column":6},"end":{"line":26,"column":7}},"22":{"start":{"line":19,"column":8},"end":{"line":23,"column":9}},"23":{"start":{"line":20,"column":10},"end":{"line":20,"column":10}},"24":{"start":{"line":22,"column":10},"end":{"line":22,"column":10}},"25":{"start":{"line":25,"column":8},"end":{"line":25,"column":8}},"26":{"start":{"line":32,"column":7},"end":{"line":50,"column":1}},"27":{"start":{"line":33,"column":4},"end":{"line":33,"column":4}},"28":{"start":{"line":33,"column":11},"end":{"line":33,"column":11}},"29":{"start":{"line":36,"column":12},"end":{"line":36,"column":12}},"30":{"start":{"line":37,"column":12},"end":{"line":37,"column":12}},"31":{"start":{"line":38,"column":12},"end":{"line":38,"column":12}},"32":{"start":{"line":39,"column":12},"end":{"line":39,"column":12}},"33":{"start":{"line":40,"column":12},"end":{"line":40,"column":12}},"34":{"start":{"line":41,"column":12},"end":{"line":41,"column":12}},"35":{"start":{"line":42,"column":12},"end":{"line":42,"column":12}},"36":{"start":{"line":43,"column":12},"end":{"line":43,"column":12}},"37":{"start":{"line":44,"column":12},"end":{"line":44,"column":12}},"38":{"start":{"line":46,"column":12},"end":{"line":46,"column":12}},"39":{"start":{"line":52,"column":0},"end":{"line":65,"column":1}},"40":{"start":{"line":53,"column":4},"end":{"line":53,"column":4}},"41":{"start":{"line":54,"column":8},"end":{"line":54,"column":8}},"42":{"start":{"line":56,"column":12},"end":{"line":56,"column":12}},"43":{"start":{"line":57,"column":12},"end":{"line":57,"column":12}},"44":{"start":{"line":58,"column":12},"end":{"line":58,"column":12}},"45":{"start":{"line":62,"column":12},"end":{"line":62,"column":12}},"46":{"start":{"line":67,"column":7},"end":{"line":78,"column":1}},"47":{"start":{"line":68,"column":2},"end":{"line":68,"column":2}},"48":{"start":{"line":68,"column":9},"end":{"line":68,"column":9}},"49":{"start":{"line":71,"column":10},"end":{"line":71,"column":10}},"50":{"start":{"line":72,"column":10},"end":{"line":72,"column":10}},"51":{"start":{"line":75,"column":10},"end":{"line":75,"column":10}},"52":{"start":{"line":80,"column":7},"end":{"line":90,"column":1}},"53":{"start":{"line":81,"column":2},"end":{"line":81,"column":2}},"54":{"start":{"line":81,"column":9},"end":{"line":81,"column":9}},"55":{"start":{"line":84,"column":12},"end":{"line":84,"column":12}},"56":{"start":{"line":85,"column":12},"end":{"line":85,"column":12}},"57":{"start":{"line":88,"column":11},"end":{"line":88,"column":11}},"58":{"start":{"line":92,"column":7},"end":{"line":103,"column":1}},"59":{"start":{"line":93,"column":2},"end":{"line":93,"column":2}},"60":{"start":{"line":93,"column":9},"end":{"line":93,"column":9}},"61":{"start":{"line":96,"column":12},"end":{"line":96,"column":12}},"62":{"start":{"line":97,"column":12},"end":{"line":97,"column":12}},"63":{"start":{"line":98,"column":12},"end":{"line":98,"column":12}},"64":{"start":{"line":101,"column":12},"end":{"line":101,"column":12}},"65":{"start":{"line":105,"column":7},"end":{"line":115,"column":1}},"66":{"start":{"line":106,"column":4},"end":{"line":106,"column":4}},"67":{"start":{"line":111,"column":4},"end":{"line":111,"column":26}},"68":{"start":{"line":111,"column":26},"end":{"line":111,"column":26}},"69":{"start":{"line":112,"column":4},"end":{"line":112,"column":24}},"70":{"start":{"line":112,"column":24},"end":{"line":112,"column":24}},"71":{"start":{"line":114,"column":4},"end":{"line":114,"column":4}},"72":{"start":{"line":117,"column":7},"end":{"line":127,"column":1}},"73":{"start":{"line":118,"column":2},"end":{"line":118,"column":2}},"74":{"start":{"line":118,"column":9},"end":{"line":118,"column":9}},"75":{"start":{"line":121,"column":12},"end":{"line":121,"column":12}},"76":{"start":{"line":122,"column":12},"end":{"line":122,"column":12}},"77":{"start":{"line":125,"column":12},"end":{"line":125,"column":12}},"78":{"start":{"line":129,"column":7},"end":{"line":152,"column":1}},"79":{"start":{"line":130,"column":4},"end":{"line":130,"column":4}},"80":{"start":{"line":130,"column":11},"end":{"line":130,"column":11}},"81":{"start":{"line":133,"column":12},"end":{"line":143,"column":13}},"82":{"start":{"line":134,"column":14},"end":{"line":134,"column":14}},"83":{"start":{"line":136,"column":14},"end":{"line":136,"column":14}},"84":{"start":{"line":137,"column":14},"end":{"line":137,"column":14}},"85":{"start":{"line":138,"column":14},"end":{"line":141,"column":15}},"86":{"start":{"line":139,"column":16},"end":{"line":139,"column":16}},"87":{"start":{"line":140,"column":16},"end":{"line":140,"column":16}},"88":{"start":{"line":147,"column":10},"end":{"line":147,"column":10}},"89":{"start":{"line":150,"column":12},"end":{"line":150,"column":12}},"90":{"start":{"line":154,"column":0},"end":{"line":165,"column":1}},"91":{"start":{"line":155,"column":2},"end":{"line":155,"column":2}},"92":{"start":{"line":156,"column":4},"end":{"line":156,"column":4}},"93":{"start":{"line":158,"column":10},"end":{"line":158,"column":10}},"94":{"start":{"line":159,"column":10},"end":{"line":159,"column":10}},"95":{"start":{"line":162,"column":10},"end":{"line":162,"column":10}},"96":{"start":{"line":167,"column":0},"end":{"line":184,"column":1}},"97":{"start":{"line":168,"column":2},"end":{"line":168,"column":2}},"98":{"start":{"line":169,"column":4},"end":{"line":169,"column":4}},"99":{"start":{"line":171,"column":6},"end":{"line":171,"column":6}},"100":{"start":{"line":172,"column":6},"end":{"line":172,"column":6}},"101":{"start":{"line":173,"column":6},"end":{"line":178,"column":7}},"102":{"start":{"line":174,"column":8},"end":{"line":174,"column":8}},"103":{"start":{"line":175,"column":8},"end":{"line":175,"column":8}},"104":{"start":{"line":176,"column":8},"end":{"line":176,"column":8}},"105":{"start":{"line":177,"column":8},"end":{"line":177,"column":8}},"106":{"start":{"line":181,"column":6},"end":{"line":181,"column":6}},"107":{"start":{"line":186,"column":0},"end":{"line":197,"column":1}},"108":{"start":{"line":187,"column":2},"end":{"line":187,"column":2}},"109":{"start":{"line":188,"column":4},"end":{"line":188,"column":4}},"110":{"start":{"line":190,"column":10},"end":{"line":190,"column":10}},"111":{"start":{"line":191,"column":10},"end":{"line":191,"column":10}},"112":{"start":{"line":194,"column":10},"end":{"line":194,"column":10}},"113":{"start":{"line":199,"column":0},"end":{"line":210,"column":1}},"114":{"start":{"line":200,"column":2},"end":{"line":200,"column":2}},"115":{"start":{"line":201,"column":4},"end":{"line":201,"column":4}},"116":{"start":{"line":203,"column":10},"end":{"line":203,"column":10}},"117":{"start":{"line":204,"column":10},"end":{"line":204,"column":10}},"118":{"start":{"line":207,"column":10},"end":{"line":207,"column":10}},"119":{"start":{"line":212,"column":0},"end":{"line":216,"column":1}},"120":{"start":{"line":213,"column":2},"end":{"line":213,"column":2}},"121":{"start":{"line":214,"column":4},"end":{"line":214,"column":4}}},"branchMap":{"1":{"line":21,"type":"cond-expr","locations":[{"start":{"line":0,"column":0},"end":{"line":0,"column":0},"skip":true},{"start":{"line":0,"column":0},"end":{"line":0,"column":0},"skip":true}]},"2":{"line":21,"type":"binary-expr","locations":[{"start":{"line":0,"column":0},"end":{"line":0,"column":0},"skip":true},{"start":{"line":0,"column":0},"end":{"line":0,"column":0},"skip":true}]},"3":{"line":33,"type":"if","locations":[{"start":{"line":14,"column":2},"end":{"line":14,"column":2}},{"start":{"line":14,"column":2},"end":{"line":14,"column":2}}]},"4":{"line":36,"type":"if","locations":[{"start":{"line":18,"column":6},"end":{"line":18,"column":6}},{"start":{"line":18,"column":6},"end":{"line":18,"column":6}}]},"5":{"line":37,"type":"if","locations":[{"start":{"line":19,"column":8},"end":{"line":19,"column":8}},{"start":{"line":19,"column":8},"end":{"line":19,"column":8}}]},"6":{"line":120,"type":"if","locations":[{"start":{"line":111,"column":4},"end":{"line":111,"column":4}},{"start":{"line":111,"column":4},"end":{"line":111,"column":4}}]},"7":{"line":121,"type":"if","locations":[{"start":{"line":112,"column":4},"end":{"line":112,"column":4}},{"start":{"line":112,"column":4},"end":{"line":112,"column":4}}]}}},"/Users/kejunliu/Documents/COMP531/hw05/version2.0/article/article.js":{"path":"/Users/kejunliu/Documents/COMP531/hw05/version2.0/article/article.js","s":{"1":3,"2":3,"3":3,"4":1,"5":0,"6":0,"7":0,"8":0,"9":0,"10":0,"11":0,"12":3,"13":0,"14":0,"15":0,"16":0,"17":0,"18":3,"19":3,"20":3,"21":3,"22":3,"23":3,"24":0,"25":1,"26":6,"27":1,"28":0,"29":0,"30":1,"31":0,"32":0,"33":0,"34":1,"35":0,"36":0,"37":0,"38":0,"39":0,"40":0,"41":0,"42":0,"43":1,"44":0,"45":0,"46":0,"47":0,"48":0,"49":0,"50":0,"51":0,"52":0,"53":0,"54":0,"55":0,"56":0,"57":0,"58":0,"59":0,"60":0},"b":{"1":[0,0],"2":[0,0],"3":[0,0],"4":[0,0],"5":[0,6],"6":[6,6],"7":[0,0],"8":[0,0],"9":[0,0],"10":[0,0,0],"11":[0,0],"12":[0,0],"13":[0,0],"14":[0,0],"15":[0,0],"16":[0,0],"17":[0,0],"18":[0,0],"19":[0,0],"20":[0,0]},"f":{"1":3,"2":0,"3":0,"4":6,"5":0,"6":0,"7":0,"8":0,"9":0,"10":0,"11":0,"12":0},"fnMap":{"1":{"name":"(anonymous_1)","line":8,"loc":{"start":{"line":0,"column":0},"end":{"line":0,"column":0},"skip":true},"skip":true},"2":{"name":"defineProperties","line":8,"loc":{"start":{"line":0,"column":0},"end":{"line":0,"column":0},"skip":true},"skip":true},"3":{"name":"(anonymous_3)","line":8,"loc":{"start":{"line":0,"column":0},"end":{"line":0,"column":0},"skip":true},"skip":true},"4":{"name":"_interopRequireDefault","line":24,"loc":{"start":{"line":0,"column":0},"end":{"line":0,"column":0},"skip":true},"skip":true},"5":{"name":"_classCallCheck","line":26,"loc":{"start":{"line":0,"column":0},"end":{"line":0,"column":0},"skip":true},"skip":true},"6":{"name":"_possibleConstructorReturn","line":28,"loc":{"start":{"line":0,"column":0},"end":{"line":0,"column":0},"skip":true},"skip":true},"7":{"name":"_inherits","line":30,"loc":{"start":{"line":0,"column":0},"end":{"line":0,"column":0},"skip":true},"skip":true},"8":{"name":"(anonymous_8)","line":35,"loc":{"start":{"line":0,"column":0},"end":{"line":0,"column":0},"skip":true},"skip":true},"9":{"name":"Article","line":38,"loc":{"start":{"line":9,"column":1},"end":{"line":9,"column":20}}},"10":{"name":"render","line":50,"loc":{"start":{"line":0,"column":0},"end":{"line":0,"column":0},"skip":true},"skip":true},"11":{"name":"showComments","line":64,"loc":{"start":{"line":17,"column":24},"end":{"line":17,"column":30}}},"12":{"name":"(anonymous_12)","line":142,"loc":{"start":{"line":58,"column":23},"end":{"line":58,"column":23}}}},"statementMap":{"1":{"start":{"line":0,"column":0},"end":{"line":0,"column":0},"skip":true},"2":{"start":{"line":0,"column":0},"end":{"line":0,"column":0},"skip":true},"3":{"start":{"line":0,"column":0},"end":{"line":0,"column":0},"skip":true},"4":{"start":{"line":0,"column":0},"end":{"line":0,"column":0},"skip":true},"5":{"start":{"line":0,"column":0},"end":{"line":0,"column":0},"skip":true},"6":{"start":{"line":0,"column":0},"end":{"line":0,"column":0},"skip":true},"7":{"start":{"line":0,"column":0},"end":{"line":0,"column":0},"skip":true},"8":{"start":{"line":0,"column":0},"end":{"line":0,"column":0},"skip":true},"9":{"start":{"line":0,"column":0},"end":{"line":0,"column":0},"skip":true},"10":{"start":{"line":0,"column":0},"end":{"line":0,"column":0},"skip":true},"11":{"start":{"line":0,"column":0},"end":{"line":0,"column":0},"skip":true},"12":{"start":{"line":0,"column":0},"end":{"line":0,"column":0},"skip":true},"13":{"start":{"line":0,"column":0},"end":{"line":0,"column":0},"skip":true},"14":{"start":{"line":0,"column":0},"end":{"line":0,"column":0},"skip":true},"15":{"start":{"line":0,"column":0},"end":{"line":0,"column":0},"skip":true},"16":{"start":{"line":0,"column":0},"end":{"line":0,"column":0},"skip":true},"17":{"start":{"line":0,"column":0},"end":{"line":0,"column":0},"skip":true},"18":{"start":{"line":3,"column":0},"end":{"line":3,"column":0}},"19":{"start":{"line":0,"column":0},"end":{"line":0,"column":0},"skip":true},"20":{"start":{"line":4,"column":0},"end":{"line":4,"column":0}},"21":{"start":{"line":0,"column":0},"end":{"line":0,"column":0},"skip":true},"22":{"start":{"line":5,"column":0},"end":{"line":5,"column":0}},"23":{"start":{"line":6,"column":0},"end":{"line":6,"column":0}},"24":{"start":{"line":0,"column":0},"end":{"line":0,"column":0},"skip":true},"25":{"start":{"line":0,"column":0},"end":{"line":0,"column":0},"skip":true},"26":{"start":{"line":0,"column":0},"end":{"line":0,"column":0},"skip":true},"27":{"start":{"line":0,"column":0},"end":{"line":0,"column":0},"skip":true},"28":{"start":{"line":0,"column":0},"end":{"line":0,"column":0},"skip":true},"29":{"start":{"line":0,"column":0},"end":{"line":0,"column":0},"skip":true},"30":{"start":{"line":0,"column":0},"end":{"line":0,"column":0},"skip":true},"31":{"start":{"line":0,"column":0},"end":{"line":0,"column":0},"skip":true},"32":{"start":{"line":0,"column":0},"end":{"line":0,"column":0},"skip":true},"33":{"start":{"line":0,"column":0},"end":{"line":0,"column":0},"skip":true},"34":{"start":{"line":0,"column":0},"end":{"line":0,"column":0},"skip":true},"35":{"start":{"line":0,"column":0},"end":{"line":0,"column":0},"skip":true},"36":{"start":{"line":0,"column":0},"end":{"line":0,"column":0},"skip":true},"37":{"start":{"line":0,"column":0},"end":{"line":0,"column":0},"skip":true},"38":{"start":{"line":0,"column":0},"end":{"line":0,"column":0},"skip":true},"39":{"start":{"line":0,"column":0},"end":{"line":0,"column":0},"skip":true},"40":{"start":{"line":1,"column":-15},"end":{"line":1,"column":-15}},"41":{"start":{"line":0,"column":0},"end":{"line":0,"column":0},"skip":true},"42":{"start":{"line":0,"column":0},"end":{"line":0,"column":0},"skip":true},"43":{"start":{"line":9,"column":1},"end":{"line":13,"column":4}},"44":{"start":{"line":9,"column":20},"end":{"line":9,"column":20}},"45":{"start":{"line":9,"column":20},"end":{"line":9,"column":20}},"46":{"start":{"line":12,"column":5},"end":{"line":12,"column":5}},"47":{"start":{"line":9,"column":20},"end":{"line":9,"column":20}},"48":{"start":{"line":0,"column":0},"end":{"line":0,"column":0},"skip":true},"49":{"start":{"line":14,"column":10},"end":{"line":14,"column":10}},"50":{"start":{"line":14,"column":10},"end":{"line":14,"column":10}},"51":{"start":{"line":17,"column":3},"end":{"line":17,"column":3}},"52":{"start":{"line":18,"column":4},"end":{"line":18,"column":4}},"53":{"start":{"line":19,"column":4},"end":{"line":19,"column":4}},"54":{"start":{"line":22,"column":3},"end":{"line":69,"column":5}},"55":{"start":{"line":23,"column":4},"end":{"line":23,"column":4}},"56":{"start":{"line":58,"column":23},"end":{"line":58,"column":23}},"57":{"start":{"line":58,"column":23},"end":{"line":58,"column":23}},"58":{"start":{"line":68,"column":5},"end":{"line":68,"column":5}},"59":{"start":{"line":0,"column":0},"end":{"line":0,"column":0},"skip":true},"60":{"start":{"line":73,"column":0},"end":{"line":73,"column":0}}},"branchMap":{"1":{"line":8,"type":"binary-expr","locations":[{"start":{"line":0,"column":0},"end":{"line":0,"column":0},"skip":true},{"start":{"line":0,"column":0},"end":{"line":0,"column":0},"skip":true}]},"2":{"line":8,"type":"if","locations":[{"start":{"line":0,"column":0},"end":{"line":0,"column":0},"skip":true},{"start":{"line":0,"column":0},"end":{"line":0,"column":0},"skip":true}]},"3":{"line":8,"type":"if","locations":[{"start":{"line":0,"column":0},"end":{"line":0,"column":0},"skip":true},{"start":{"line":0,"column":0},"end":{"line":0,"column":0},"skip":true}]},"4":{"line":8,"type":"if","locations":[{"start":{"line":0,"column":0},"end":{"line":0,"column":0},"skip":true},{"start":{"line":0,"column":0},"end":{"line":0,"column":0},"skip":true}]},"5":{"line":24,"type":"cond-expr","locations":[{"start":{"line":0,"column":0},"end":{"line":0,"column":0},"skip":true},{"start":{"line":0,"column":0},"end":{"line":0,"column":0},"skip":true}]},"6":{"line":24,"type":"binary-expr","locations":[{"start":{"line":0,"column":0},"end":{"line":0,"column":0},"skip":true},{"start":{"line":0,"column":0},"end":{"line":0,"column":0},"skip":true}]},"7":{"line":26,"type":"if","locations":[{"start":{"line":0,"column":0},"end":{"line":0,"column":0},"skip":true},{"start":{"line":0,"column":0},"end":{"line":0,"column":0},"skip":true}]},"8":{"line":28,"type":"if","locations":[{"start":{"line":0,"column":0},"end":{"line":0,"column":0},"skip":true},{"start":{"line":0,"column":0},"end":{"line":0,"column":0},"skip":true}]},"9":{"line":28,"type":"cond-expr","locations":[{"start":{"line":0,"column":0},"end":{"line":0,"column":0},"skip":true},{"start":{"line":0,"column":0},"end":{"line":0,"column":0},"skip":true}]},"10":{"line":28,"type":"binary-expr","locations":[{"start":{"line":0,"column":0},"end":{"line":0,"column":0},"skip":true},{"start":{"line":0,"column":0},"end":{"line":0,"column":0},"skip":true},{"start":{"line":0,"column":0},"end":{"line":0,"column":0},"skip":true}]},"11":{"line":30,"type":"if","locations":[{"start":{"line":0,"column":0},"end":{"line":0,"column":0},"skip":true},{"start":{"line":0,"column":0},"end":{"line":0,"column":0},"skip":true}]},"12":{"line":30,"type":"binary-expr","locations":[{"start":{"line":0,"column":0},"end":{"line":0,"column":0},"skip":true},{"start":{"line":0,"column":0},"end":{"line":0,"column":0},"skip":true}]},"13":{"line":30,"type":"binary-expr","locations":[{"start":{"line":0,"column":0},"end":{"line":0,"column":0},"skip":true},{"start":{"line":0,"column":0},"end":{"line":0,"column":0},"skip":true}]},"14":{"line":30,"type":"if","locations":[{"start":{"line":0,"column":0},"end":{"line":0,"column":0},"skip":true},{"start":{"line":0,"column":0},"end":{"line":0,"column":0},"skip":true}]},"15":{"line":30,"type":"cond-expr","locations":[{"start":{"line":0,"column":0},"end":{"line":0,"column":0},"skip":true},{"start":{"line":0,"column":0},"end":{"line":0,"column":0},"skip":true}]},"16":{"line":42,"type":"binary-expr","locations":[{"start":{"line":9,"column":20},"end":{"line":9,"column":20}},{"start":{"line":9,"column":20},"end":{"line":9,"column":20}}]},"17":{"line":69,"type":"if","locations":[{"start":{"line":22,"column":3},"end":{"line":22,"column":3}},{"start":{"line":22,"column":3},"end":{"line":22,"column":3}}]},"18":{"line":81,"type":"cond-expr","locations":[{"start":{"line":28,"column":28},"end":{"line":28,"column":11}},{"start":{"line":29,"column":11},"end":{"line":29,"column":11}}]},"19":{"line":101,"type":"cond-expr","locations":[{"start":{"line":39,"column":25},"end":{"line":39,"column":11}},{"start":{"line":40,"column":11},"end":{"line":40,"column":11}}]},"20":{"line":139,"type":"cond-expr","locations":[{"start":{"line":55,"column":29},"end":{"line":55,"column":8}},{"start":{"line":57,"column":8},"end":{"line":57,"column":8}}]}}},"/Users/kejunliu/Documents/COMP531/hw05/version2.0/article/comments.js":{"path":"/Users/kejunliu/Documents/COMP531/hw05/version2.0/article/comments.js","s":{"1":4,"2":4,"3":1,"4":0,"5":0,"6":0,"7":0,"8":0,"9":0,"10":0,"11":4,"12":0,"13":0,"14":0,"15":0,"16":0,"17":4,"18":4,"19":4,"20":4,"21":4,"22":1,"23":8,"24":1,"25":0,"26":0,"27":1,"28":0,"29":0,"30":0,"31":1,"32":0,"33":0,"34":0,"35":0,"36":0,"37":4,"38":0,"39":0,"40":1,"41":0,"42":0,"43":0,"44":0,"45":0,"46":0,"47":0,"48":0},"b":{"1":[0,0],"2":[0,0],"3":[0,0],"4":[0,0],"5":[0,8],"6":[8,8],"7":[0,0],"8":[0,0],"9":[0,0],"10":[0,0,0],"11":[0,0],"12":[0,0],"13":[0,0],"14":[0,0],"15":[0,0],"16":[0,0]},"f":{"1":4,"2":0,"3":0,"4":8,"5":0,"6":0,"7":0,"8":0,"9":0,"10":0},"fnMap":{"1":{"name":"(anonymous_1)","line":7,"loc":{"start":{"line":0,"column":0},"end":{"line":0,"column":0},"skip":true},"skip":true},"2":{"name":"defineProperties","line":7,"loc":{"start":{"line":0,"column":0},"end":{"line":0,"column":0},"skip":true},"skip":true},"3":{"name":"(anonymous_3)","line":7,"loc":{"start":{"line":0,"column":0},"end":{"line":0,"column":0},"skip":true},"skip":true},"4":{"name":"_interopRequireDefault","line":19,"loc":{"start":{"line":0,"column":0},"end":{"line":0,"column":0},"skip":true},"skip":true},"5":{"name":"_classCallCheck","line":21,"loc":{"start":{"line":0,"column":0},"end":{"line":0,"column":0},"skip":true},"skip":true},"6":{"name":"_possibleConstructorReturn","line":23,"loc":{"start":{"line":0,"column":0},"end":{"line":0,"column":0},"skip":true},"skip":true},"7":{"name":"_inherits","line":25,"loc":{"start":{"line":0,"column":0},"end":{"line":0,"column":0},"skip":true},"skip":true},"8":{"name":"(anonymous_8)","line":30,"loc":{"start":{"line":0,"column":0},"end":{"line":0,"column":0},"skip":true},"skip":true},"9":{"name":"Comments","line":33,"loc":{"start":{"line":0,"column":0},"end":{"line":0,"column":0},"skip":true},"skip":true},"10":{"name":"render","line":41,"loc":{"start":{"line":0,"column":0},"end":{"line":0,"column":0},"skip":true},"skip":true}},"statementMap":{"1":{"start":{"line":0,"column":0},"end":{"line":0,"column":0},"skip":true},"2":{"start":{"line":0,"column":0
[...]
3":{"start":{"line":167,"column":3},"end":{"line":167,"column":3}},"74":{"start":{"line":173,"column":3},"end":{"line":173,"column":3}},"75":{"start":{"line":179,"column":3},"end":{"line":179,"column":3}},"76":{"start":{"line":185,"column":3},"end":{"line":185,"column":3}},"77":{"start":{"line":188,"column":7},"end":{"line":188,"column":7}},"78":{"start":{"line":190,"column":15},"end":{"line":190,"column":15}},"79":{"start":{"line":190,"column":15},"end":{"line":190,"column":15}},"80":{"start":{"line":191,"column":1},"end":{"line":191,"column":1}},"81":{"start":{"line":193,"column":3},"end":{"line":193,"column":3}},"82":{"start":{"line":197,"column":3},"end":{"line":197,"column":3}},"83":{"start":{"line":201,"column":7},"end":{"line":201,"column":7}},"84":{"start":{"line":203,"column":15},"end":{"line":203,"column":15}},"85":{"start":{"line":203,"column":15},"end":{"line":203,"column":15}},"86":{"start":{"line":204,"column":1},"end":{"line":204,"column":1}},"87":{"start":{"line":206,"column":3},"end":{"line":206,"column":3}},"88":{"start":{"line":210,"column":3},"end":{"line":210,"column":3}},"89":{"start":{"line":213,"column":0},"end":{"line":213,"column":0}},"90":{"start":{"line":0,"column":0},"end":{"line":0,"column":0},"skip":true}},"branchMap":{"1":{"line":12,"type":"if","locations":[{"start":{"line":0,"column":0},"end":{"line":0,"column":0},"skip":true},{"start":{"line":0,"column":0},"end":{"line":0,"column":0},"skip":true}]},"2":{"line":15,"type":"cond-expr","locations":[{"start":{"line":9,"column":15},"end":{"line":9,"column":15}},{"start":{"line":7,"column":39},"end":{"line":9,"column":15}}]},"3":{"line":15,"type":"binary-expr","locations":[{"start":{"line":9,"column":15},"end":{"line":9,"column":15}},{"start":{"line":9,"column":15},"end":{"line":9,"column":15}}]},"4":{"line":20,"type":"switch","locations":[{"start":{"line":11,"column":2},"end":{"line":12,"column":3}},{"start":{"line":15,"column":2},"end":{"line":16,"column":3}}]},"5":{"line":30,"type":"cond-expr","locations":[{"start":{"line":21,"column":15},"end":{"line":21,"column":15}},{"start":{"line":19,"column":33},"end":{"line":21,"column":15}}]},"6":{"line":30,"type":"binary-expr","locations":[{"start":{"line":21,"column":15},"end":{"line":21,"column":15}},{"start":{"line":21,"column":15},"end":{"line":21,"column":15}}]},"7":{"line":35,"type":"switch","locations":[{"start":{"line":23,"column":2},"end":{"line":24,"column":3}},{"start":{"line":27,"column":2},"end":{"line":28,"column":3}},{"start":{"line":31,"column":2},"end":{"line":32,"column":3}},{"start":{"line":38,"column":2},"end":{"line":39,"column":3}},{"start":{"line":54,"column":2},"end":{"line":55,"column":3}},{"start":{"line":66,"column":2},"end":{"line":67,"column":3}},{"start":{"line":83,"column":2},"end":{"line":84,"column":3}}]},"8":{"line":60,"type":"if","locations":[{"start":{"line":42,"column":6},"end":{"line":42,"column":6}},{"start":{"line":42,"column":6},"end":{"line":42,"column":6}}]},"9":{"line":81,"type":"if","locations":[{"start":{"line":58,"column":6},"end":{"line":58,"column":6}},{"start":{"line":58,"column":6},"end":{"line":58,"column":6}}]},"10":{"line":101,"type":"if","locations":[{"start":{"line":70,"column":6},"end":{"line":70,"column":6}},{"start":{"line":70,"column":6},"end":{"line":70,"column":6}}]},"11":{"line":105,"type":"if","locations":[{"start":{"line":74,"column":6},"end":{"line":74,"column":6}},{"start":{"line":74,"column":6},"end":{"line":74,"column":6}}]},"12":{"line":105,"type":"binary-expr","locations":[{"start":{"line":74,"column":10},"end":{"line":74,"column":10}},{"start":{"line":74,"column":36},"end":{"line":74,"column":6}}]},"13":{"line":119,"type":"cond-expr","locations":[{"start":{"line":89,"column":15},"end":{"line":89,"column":15}},{"start":{"line":87,"column":32},"end":{"line":89,"column":15}}]},"14":{"line":119,"type":"binary-expr","locations":[{"start":{"line":89,"column":15},"end":{"line":89,"column":15}},{"start":{"line":89,"column":15},"end":{"line":89,"column":15}}]},"15":{"line":124,"type":"switch","locations":[{"start":{"line":91,"column":2},"end":{"line":92,"column":3}},{"start":{"line":95,"column":2},"end":{"line":96,"column":3}},{"start":{"line":102,"column":2},"end":{"line":103,"column":3}},{"start":{"line":113,"column":2},"end":{"line":114,"column":3}},{"start":{"line":124,"column":2},"end":{"line":125,"column":3}}]},"16":{"line":140,"type":"if","locations":[{"start":{"line":106,"column":6},"end":{"line":106,"column":6}},{"start":{"line":106,"column":6},"end":{"line":106,"column":6}}]},"17":{"line":154,"type":"if","locations":[{"start":{"line":117,"column":6},"end":{"line":117,"column":6}},{"start":{"line":117,"column":6},"end":{"line":117,"column":6}}]},"18":{"line":166,"type":"cond-expr","locations":[{"start":{"line":136,"column":15},"end":{"line":136,"column":15}},{"start":{"line":128,"column":33},"end":{"line":136,"column":15}}]},"19":{"line":166,"type":"binary-expr","locations":[{"start":{"line":136,"column":15},"end":{"line":136,"column":15}},{"start":{"line":136,"column":15},"end":{"line":136,"column":15}}]},"20":{"line":177,"type":"switch","locations":[{"start":{"line":138,"column":2},"end":{"line":139,"column":3}},{"start":{"line":143,"column":2},"end":{"line":144,"column":3}},{"start":{"line":148,"column":2},"end":{"line":149,"column":3}},{"start":{"line":154,"column":2},"end":{"line":155,"column":3}},{"start":{"line":160,"column":2},"end":{"line":161,"column":3}},{"start":{"line":166,"column":2},"end":{"line":167,"column":3}},{"start":{"line":172,"column":2},"end":{"line":173,"column":3}},{"start":{"line":178,"column":2},"end":{"line":179,"column":3}},{"start":{"line":184,"column":2},"end":{"line":185,"column":3}}]},"21":{"line":229,"type":"cond-expr","locations":[{"start":{"line":190,"column":15},"end":{"line":190,"column":15}},{"start":{"line":188,"column":36},"end":{"line":190,"column":15}}]},"22":{"line":229,"type":"binary-expr","locations":[{"start":{"line":190,"column":15},"end":{"line":190,"column":15}},{"start":{"line":190,"column":15},"end":{"line":190,"column":15}}]},"23":{"line":234,"type":"switch","locations":[{"start":{"line":192,"column":2},"end":{"line":193,"column":3}},{"start":{"line":196,"column":2},"end":{"line":197,"column":3}}]},"24":{"line":245,"type":"cond-expr","locations":[{"start":{"line":203,"column":15},"end":{"line":203,"column":15}},{"start":{"line":201,"column":38},"end":{"line":203,"column":15}}]},"25":{"line":245,"type":"binary-expr","locations":[{"start":{"line":203,"column":15},"end":{"line":203,"column":15}},{"start":{"line":203,"column":15},"end":{"line":203,"column":15}}]},"26":{"line":250,"type":"switch","locations":[{"start":{"line":205,"column":2},"end":{"line":206,"column":3}},{"start":{"line":209,"column":2},"end":{"line":210,"column":3}}]}}},"/Users/kejunliu/Documents/COMP531/hw05/version2.0/reducer/actions.spec.js":{"path":"/Users/kejunliu/Documents/COMP531/hw05/version2.0/reducer/actions.spec.js","s":{"1":1,"2":1,"3":1,"4":1,"5":1,"6":1,"7":2,"8":1,"9":1,"10":0,"11":0,"12":0,"13":0,"14":0,"15":0,"16":0,"17":0,"18":0,"19":0,"20":0,"21":0,"22":0,"23":0,"24":0,"25":0,"26":0,"27":0,"28":0,"29":0,"30":0,"31":0,"32":0,"33":0,"34":0,"35":0,"36":0,"37":0,"38":0,"39":0,"40":0,"41":0,"42":0,"43":0,"44":0,"45":0,"46":0,"47":0,"48":0,"49":0,"50":0,"51":0,"52":0,"53":0},"b":{"1":[0,2],"2":[2,2],"3":[0,0],"4":[0,0]},"f":{"1":2,"2":0,"3":0,"4":0,"5":0,"6":0,"7":0,"8":0,"9":0,"10":0,"11":0,"12":0,"13":0,"14":0},"fnMap":{"1":{"name":"_interopRequireDefault","line":13,"loc":{"start":{"line":0,"column":0},"end":{"line":0,"column":0},"skip":true},"skip":true},"2":{"name":"(anonymous_2)","line":20,"loc":{"start":{"line":6,"column":11},"end":{"line":6,"column":17}}},"3":{"name":"(anonymous_3)","line":34,"loc":{"start":{"line":20,"column":10},"end":{"line":20,"column":16}}},"4":{"name":"(anonymous_4)","line":40,"loc":{"start":{"line":26,"column":29},"end":{"line":26,"column":39}}},"5":{"name":"(anonymous_5)","line":42,"loc":{"start":{"line":28,"column":60},"end":{"line":28,"column":69}}},"6":{"name":"(anonymous_6)","line":55,"loc":{"start":{"line":41,"column":36},"end":{"line":41,"column":50}}},"7":{"name":"(anonymous_7)","line":60,"loc":{"start":{"line":49,"column":46},"end":{"line":49,"column":54}}},"8":{"name":"(anonymous_8)","line":61,"loc":{"start":{"line":51,"column":10},"end":{"line":51,"column":10}}},"9":{"name":"(anonymous_9)","line":63,"loc":{"start":{"line":52,"column":11},"end":{"line":52,"column":20}}},"10":{"name":"(anonymous_10)","line":70,"loc":{"start":{"line":59,"column":36},"end":{"line":59,"column":44}}},"11":{"name":"(anonymous_11)","line":79,"loc":{"start":{"line":69,"column":14},"end":{"line":69,"column":26}}},"12":{"name":"(anonymous_12)","line":85,"loc":{"start":{"line":77,"column":35},"end":{"line":77,"column":45}}},"13":{"name":"(anonymous_13)","line":94,"loc":{"start":{"line":86,"column":37},"end":{"line":86,"column":47}}},"14":{"name":"(anonymous_14)","line":103,"loc":{"start":{"line":95,"column":23},"end":{"line":95,"column":33}}}},"statementMap":{"1":{"start":{"line":1,"column":-15},"end":{"line":1,"column":-15}},"2":{"start":{"line":2,"column":0},"end":{"line":2,"column":0}},"3":{"start":{"line":0,"column":0},"end":{"line":0,"column":0},"skip":true},"4":{"start":{"line":3,"column":0},"end":{"line":3,"column":0}},"5":{"start":{"line":0,"column":0},"end":{"line":0,"column":0},"skip":true},"6":{"start":{"line":0,"column":0},"end":{"line":0,"column":0},"skip":true},"7":{"start":{"line":0,"column":0},"end":{"line":0,"column":0},"skip":true},"8":{"start":{"line":5,"column":0},"end":{"line":5,"column":0}},"9":{"start":{"line":6,"column":0},"end":{"line":6,"column":0}},"10":{"start":{"line":7,"column":2},"end":{"line":11,"column":3}},"11":{"start":{"line":8,"column":3},"end":{"line":8,"column":3}},"12":{"start":{"line":9,"column":3},"end":{"line":9,"column":3}},"13":{"start":{"line":10,"column":3},"end":{"line":10,"column":3}},"14":{"start":{"line":13,"column":2},"end":{"line":13,"column":2}},"15":{"start":{"line":14,"column":2},"end":{"line":14,"column":2}},"16":{"start":{"line":15,"column":2},"end":{"line":15,"column":2}},"17":{"start":{"line":16,"column":2},"end":{"line":16,"column":2}},"18":{"start":{"line":17,"column":2},"end":{"line":17,"column":2}},"19":{"start":{"line":20,"column":0},"end":{"line":20,"column":0}},"20":{"start":{"line":21,"column":2},"end":{"line":24,"column":3}},"21":{"start":{"line":22,"column":3},"end":{"line":22,"column":3}},"22":{"start":{"line":23,"column":3},"end":{"line":23,"column":3}},"23":{"start":{"line":26,"column":0},"end":{"line":26,"column":0}},"24":{"start":{"line":28,"column":1},"end":{"line":28,"column":1}},"25":{"start":{"line":29,"column":2},"end":{"line":29,"column":2}},"26":{"start":{"line":37,"column":4},"end":{"line":37,"column":4}},"27":{"start":{"line":41,"column":2},"end":{"line":41,"column":2}},"28":{"start":{"line":42,"column":3},"end":{"line":42,"column":3}},"29":{"start":{"line":49,"column":1},"end":{"line":49,"column":1}},"30":{"start":{"line":50,"column":4},"end":{"line":50,"column":4}},"31":{"start":{"line":51,"column":10},"end":{"line":51,"column":10}},"32":{"start":{"line":53,"column":6},"end":{"line":53,"column":6}},"33":{"start":{"line":54,"column":6},"end":{"line":54,"column":6}},"34":{"start":{"line":55,"column":6},"end":{"line":55,"column":6}},"35":{"start":{"line":59,"column":1},"end":{"line":59,"column":1}},"36":{"start":{"line":61,"column":8},"end":{"line":61,"column":8}},"37":{"start":{"line":62,"column":8},"end":{"line":62,"column":8}},"38":{"start":{"line":63,"column":8},"end":{"line":63,"column":8}},"39":{"start":{"line":68,"column":8},"end":{"line":68,"column":8}},"40":{"start":{"line":70,"column":12},"end":{"line":70,"column":12}},"41":{"start":{"line":71,"column":12},"end":{"line":71,"column":12}},"42":{"start":{"line":77,"column":1},"end":{"line":77,"column":1}},"43":{"start":{"line":78,"column":2},"end":{"line":78,"column":2}},"44":{"start":{"line":79,"column":5},"end":{"line":79,"column":5}},"45":{"start":{"line":83,"column":5},"end":{"line":83,"column":5}},"46":{"start":{"line":86,"column":1},"end":{"line":86,"column":1}},"47":{"start":{"line":87,"column":2},"end":{"line":87,"column":2}},"48":{"start":{"line":88,"column":5},"end":{"line":88,"column":5}},"49":{"start":{"line":92,"column":5},"end":{"line":92,"column":5}},"50":{"start":{"line":95,"column":1},"end":{"line":95,"column":1}},"51":{"start":{"line":96,"column":2},"end":{"line":96,"column":2}},"52":{"start":{"line":97,"column":5},"end":{"line":97,"column":5}},"53":{"start":{"line":101,"column":5},"end":{"line":101,"column":5}}},"branchMap":{"1":{"line":13,"type":"cond-expr","locations":[{"start":{"line":0,"column":0},"end":{"line":0,"column":0},"skip":true},{"start":{"line":0,"column":0},"end":{"line":0,"column":0},"skip":true}]},"2":{"line":13,"type":"binary-expr","locations":[{"start":{"line":0,"column":0},"end":{"line":0,"column":0},"skip":true},{"start":{"line":0,"column":0},"end":{"line":0,"column":0},"skip":true}]},"3":{"line":21,"type":"if","locations":[{"start":{"line":7,"column":2},"end":{"line":7,"column":2}},{"start":{"line":7,"column":2},"end":{"line":7,"column":2}}]},"4":{"line":35,"type":"if","locations":[{"start":{"line":21,"column":2},"end":{"line":21,"column":2}},{"start":{"line":21,"column":2},"end":{"line":21,"column":2}}]}}},"/Users/kejunliu/Documents/COMP531/hw05/version2.0/reducer/reducer.spec.js":{"path":"/Users/kejunliu/Documents/COMP531/hw05/version2.0/reducer/reducer.spec.js","s":{"1":1,"2":1,"3":1,"4":1,"5":1,"6":1,"7":1,"8":0,"9":0,"10":0,"11":0,"12":0,"13":0,"14":0,"15":1,"16":0,"17":0,"18":0,"19":0,"20":0,"21":0,"22":0,"23":0,"24":0,"25":0,"26":0,"27":0,"28":0,"29":0,"30":0,"31":0,"32":0,"33":0,"34":0,"35":0,"36":0,"37":0,"38":0,"39":0,"40":0,"41":0,"42":0,"43":0,"44":0},"b":{"1":[1,0],"2":[1,1],"3":[0,0],"4":[0,0]},"f":{"1":1,"2":0,"3":0,"4":0,"5":0,"6":0,"7":0,"8":0,"9":0,"10":0,"11":0,"12":0,"13":0},"fnMap":{"1":{"name":"_interopRequireWildcard","line":11,"loc":{"start":{"line":0,"column":0},"end":{"line":0,"column":0},"skip":true},"skip":true},"2":{"name":"(anonymous_2)","line":13,"loc":{"start":{"line":5,"column":29},"end":{"line":5,"column":39}}},"3":{"name":"(anonymous_3)","line":14,"loc":{"start":{"line":6,"column":49},"end":{"line":6,"column":59}}},"4":{"name":"(anonymous_4)","line":21,"loc":{"start":{"line":15,"column":43},"end":{"line":15,"column":53}}},"5":{"name":"(anonymous_5)","line":28,"loc":{"start":{"line":24,"column":42},"end":{"line":24,"column":52}}},"6":{"name":"(anonymous_6)","line":35,"loc":{"start":{"line":33,"column":43},"end":{"line":33,"column":53}}},"7":{"name":"(anonymous_7)","line":48,"loc":{"start":{"line":48,"column":46},"end":{"line":48,"column":56}}},"8":{"name":"(anonymous_8)","line":55,"loc":{"start":{"line":57,"column":48},"end":{"line":57,"column":58}}},"9":{"name":"(anonymous_9)","line":62,"loc":{"start":{"line":66,"column":70},"end":{"line":66,"column":80}}},"10":{"name":"(anonymous_10)","line":72,"loc":{"start":{"line":78,"column":66},"end":{"line":78,"column":76}}},"11":{"name":"(anonymous_11)","line":82,"loc":{"start":{"line":90,"column":32},"end":{"line":90,"column":42}}},"12":{"name":"(anonymous_12)","line":108,"loc":{"start":{"line":120,"column":38},"end":{"line":120,"column":48}}},"13":{"name":"(anonymous_13)","line":157,"loc":{"start":{"line":177,"column":63},"end":{"line":177,"column":73}}}},"statementMap":{"1":{"start":{"line":1,"column":-15},"end":{"line":1,"column":-15}},"2":{"start":{"line":2,"column":0},"end":{"line":2,"column":0}},"3":{"start":{"line":3,"column":0},"end":{"line":3,"column":0}},"4":{"start":{"line":0,"column":0},"end":{"line":0,"column":0},"skip":true},"5":{"start":{"line":0,"column":0},"end":{"line":0,"column":0},"skip":true},"6":{"start":{"line":0,"column":0},"end":{"line":0,"column":0},"skip":true},"7":{"start":{"line":0,"column":0},"end":{"line":0,"column":0},"skip":true},"8":{"start":{"line":0,"column":0},"end":{"line":0,"column":0},"skip":true},"9":{"start":{"line":0,"column":0},"end":{"line":0,"column":0},"skip":true},"10":{"start":{"line":0,"column":0},"end":{"line":0,"column":0},"skip":true},"11":{"start":{"line":0,"column":0},"end":{"line":0,"column":0},"skip":true},"12":{"start":{"line":0,"column":0},"end":{"line":0,"column":0},"skip":true},"13":{"start":{"line":0,"column":0},"end":{"line":0,"column":0},"skip":true},"14":{"start":{"line":0,"column":0},"end":{"line":0,"column":0},"skip":true},"15":{"start":{"line":5,"column":0},"end":{"line":5,"column":0}},"16":{"start":{"line":6,"column":2},"end":{"line":6,"column":2}},"17":{"start":{"line":8,"column":4},"end":{"line":8,"column":4}},"18":{"start":{"line":15,"column":2},"end":{"line":15,"column":2}},"19":{"start":{"line":17,"column":4},"end":{"line":17,"column":4}},"20":{"start":{"line":24,"column":2},"end":{"line":24,"column":2}},"21":{"start":{"line":26,"column":4},"end":{"line":26,"column":4}},"22":{"start":{"line":33,"column":2},"end":{"line":33,"column":2}},"23":{"start":{"line":35,"column":4},"end":{"line":35,"column":4}},"24":{"start":{"line":48,"column":2},"end":{"line":48,"column":2}},"25":{"start":{"line":50,"column":4},"end":{"line":50,"column":4}},"26":{"start":{"line":57,"column":2},"end":{"line":57,"column":2}},"27":{"start":{"line":59,"column":4},"end":{"line":59,"column":4}},"28":{"start":{"line":66,"column":2},"end":{"line":66,"column":2}},"29":{"start":{"line":67,"column":3},"end":{"line":67,"column":3}},"30":{"start":{"line":71,"column":4},"end":{"line":71,"column":4}},"31":{"start":{"line":78,"column":2},"end":{"line":78,"column":2}},"32":{"start":{"line":79,"column":3},"end":{"line":79,"column":3}},"33":{"start":{"line":83,"column":4},"end":{"line":83,"column":4}},"34":{"start":{"line":90,"column":2},"end":{"line":90,"column":2}},"35":{"start":{"line":91,"column":3},"end":{"line":91,"column":3}},"36":{"start":{"line":102,"column":4},"end":{"line":102,"column":4}},"37":{"start":{"line":120,"column":2},"end":{"line":120,"column":2}},"38":{"start":{"line":121,"column":3},"end":{"line":121,"column":3}},"39":{"start":{"line":125,"column":3},"end":{"line":125,"column":3}},"40":{"start":{"line":149,"column":4},"end":{"line":149,"column":4}},"41":{"start":{"line":177,"column":2},"end":{"line":177,"column":2}},"42":{"start":{"line":178,"column":3},"end":{"line":178,"column":3}},"43":{"start":{"line":182,"column":3},"end":{"line":182,"column":3}},"44":{"start":{"line":206,"column":4},"end":{"line":206,"column":4}}},"branchMap":{"1":{"line":11,"type":"if","locations":[{"start":{"line":0,"column":0},"end":{"line":0,"column":0},"skip":true},{"start":{"line":0,"column":0},"end":{"line":0,"column":0},"skip":true}]},"2":{"line":11,"type":"binary-expr","locations":[{"start":{"line":0,"column":0},"end":{"line":0,"column":0},"skip":true},{"start":{"line":0,"column":0},"end":{"line":0,"column":0},"skip":true}]},"3":{"line":11,"type":"if","locations":[{"start":{"line":0,"column":0},"end":{"line":0,"column":0},"skip":true},{"start":{"line":0,"column":0},"end":{"line":0,"column":0},"skip":true}]},"4":{"line":11,"type":"if","locations":[{"start":{"line":0,"column":0},"end":{"line":0,"column":0},"skip":true},{"start":{"line":0,"column":0},"end":{"line":0,"column":0},"skip":true}]}}},"/Users/kejunliu/Documents/COMP531/hw05/version2.0/tests.webpack.js":{"path":"/Users/kejunliu/Documents/COMP531/hw05/version2.0/tests.webpack.js","s":{"1":1,"2":0},"b":{},"f":{},"fnMap":{},"statementMap":{"1":{"start":{"line":1,"column":-15},"end":{"line":1,"column":-15}},"2":{"start":{"line":2,"column":0},"end":{"line":2,"column":0}}},"branchMap":{}},"/Users/kejunliu/Documents/COMP531/hw05/version2.0/webpack.config.js":{"path":"/Users/kejunliu/Documents/COMP531/hw05/version2.0/webpack.config.js","s":{"1":1,"2":1},"b":{},"f":{},"fnMap":{},"statementMap":{"1":{"start":{"line":1,"column":-15},"end":{"line":1,"column":-15}},"2":{"start":{"line":37,"column":0},"end":{"line":37,"column":0}}},"branchMap":{}}}